Log file open, 06/16/20 09:38:16
LogWindows: Failed to load 'aqProf.dll' (GetLastError=126)
LogWindows: File 'aqProf.dll' does not exist
LogWindows: Failed to load 'VtuneApi.dll' (GetLastError=126)
LogWindows: File 'VtuneApi.dll' does not exist
LogWindows: Failed to load 'VtuneApi32e.dll' (GetLastError=126)
LogWindows: File 'VtuneApi32e.dll' does not exist
LogConsoleResponse: Display: Failed to find resolution value strings in scalability ini. Falling back to default.
LogInit: Display: Running engine for game: Osmose
LogPlatformFile: Not using cached read wrapper
LogTaskGraph: Started task graph with 5 named threads and 23 total threads with 3 sets of task threads.
LogStats: Stats thread started at 10.752828
LogD3D11RHI: Loaded GFSDK_Aftermath_Lib.x64.dll
LogICUInternationalization: ICU TimeZone Detection - Raw Offset: +1:00, Platform Override: ''
LogPluginManager: Mounting plugin Paper2D
LogPluginManager: Mounting plugin AISupport
LogPluginManager: Mounting plugin LightPropagationVolume
LogPluginManager: Mounting plugin ActorLayerUtilities
LogPluginManager: Mounting plugin AnimationSharing
LogPluginManager: Mounting plugin CLionSourceCodeAccess
LogPluginManager: Mounting plugin CodeLiteSourceCodeAccess
LogPluginManager: Mounting plugin GitSourceControl
LogPluginManager: Mounting plugin KDevelopSourceCodeAccess
LogPluginManager: Mounting plugin NullSourceCodeAccess
LogPluginManager: Mounting plugin PerforceSourceControl
LogPluginManager: Mounting plugin PlasticSourceControl
LogPluginManager: Mounting plugin SubversionSourceControl
LogPluginManager: Mounting plugin UObjectPlugin
LogPluginManager: Mounting plugin VisualStudioCodeSourceCodeAccess
LogPluginManager: Mounting plugin VisualStudioSourceCodeAccess
LogPluginManager: Mounting plugin XCodeSourceCodeAccess
LogPluginManager: Mounting plugin AssetManagerEditor
LogPluginManager: Mounting plugin CryptoKeys
LogPluginManager: Mounting plugin CurveEditorTools
LogPluginManager: Mounting plugin DataValidation
LogPluginManager: Mounting plugin EditorScriptingUtilities
LogPluginManager: Mounting plugin FacialAnimation
LogPluginManager: Mounting plugin GameplayTagsEditor
LogPluginManager: Mounting plugin MacGraphicsSwitching
LogPluginManager: Mounting plugin MaterialAnalyzer
LogPluginManager: Mounting plugin MobileLauncherProfileWizard
LogPluginManager: Mounting plugin PluginBrowser
LogPluginManager: Mounting plugin SpeedTreeImporter
LogPluginManager: Mounting plugin DatasmithContent
LogPluginManager: Mounting plugin VariantManagerContent
LogPluginManager: Mounting plugin AlembicImporter
LogPluginManager: Mounting plugin AutomationUtils
LogPluginManager: Mounting plugin BackChannel
LogPluginManager: Mounting plugin ChaosNiagara
LogPluginManager: Mounting plugin ChaosSolverPlugin
LogPluginManager: Mounting plugin CharacterAI
LogPluginManager: Mounting plugin GeometryCache
LogPluginManager: Mounting plugin PlatformCrypto
LogPluginManager: Mounting plugin ProxyLODPlugin
LogPluginManager: Mounting plugin SkeletalReduction
LogPluginManager: Mounting plugin HoudiniNiagara
LogPluginManager: Mounting plugin Niagara
LogPluginManager: Mounting plugin NiagaraExtras
LogPluginManager: Mounting plugin MagicLeap
LogPluginManager: Mounting plugin MagicLeapMedia
LogPluginManager: Mounting plugin MLSDK
LogPluginManager: Mounting plugin LDAssistant
LogPluginManager: Mounting plugin AndroidMedia
LogPluginManager: Mounting plugin AvfMedia
LogPluginManager: Mounting plugin ImgMedia
LogPluginManager: Mounting plugin MediaCompositing
LogPluginManager: Mounting plugin MediaPlayerEditor
LogPluginManager: Mounting plugin WebMMedia
LogPluginManager: Mounting plugin WmfMedia
LogPluginManager: Mounting plugin TcpMessaging
LogPluginManager: Mounting plugin UdpMessaging
LogPluginManager: Mounting plugin ActorSequence
LogPluginManager: Mounting plugin LevelSequenceEditor
LogPluginManager: Mounting plugin MatineeToLevelSequence
LogPluginManager: Mounting plugin NetcodeUnitTest
LogPluginManager: Mounting plugin NUTUnrealEngine4
LogPluginManager: Mounting plugin OnlineSubsystemGooglePlay
LogPluginManager: Mounting plugin OnlineSubsystemIOS
LogPluginManager: Mounting plugin OnlineSubsystem
LogPluginManager: Mounting plugin OnlineSubsystemNull
LogPluginManager: Mounting plugin OnlineSubsystemUtils
LogPluginManager: Mounting plugin LauncherChunkInstaller
LogPluginManager: Mounting plugin AndroidDeviceProfileSelector
LogPluginManager: Mounting plugin AndroidMoviePlayer
LogPluginManager: Mounting plugin AndroidPermission
LogPluginManager: Mounting plugin AppleImageUtils
LogPluginManager: Mounting plugin AppleMoviePlayer
LogPluginManager: Mounting plugin ArchVisCharacter
LogPluginManager: Mounting plugin AssetTags
LogPluginManager: Mounting plugin AudioCapture
LogPluginManager: Mounting plugin CableComponent
LogPluginManager: Mounting plugin CustomMeshComponent
LogPluginManager: Mounting plugin EditableMesh
LogPluginManager: Mounting plugin ExampleDeviceProfileSelector
LogPluginManager: Mounting plugin GoogleCloudMessaging
LogPluginManager: Mounting plugin IOSDeviceProfileSelector
LogPluginManager: Mounting plugin LinuxDeviceProfileSelector
LogPluginManager: Mounting plugin LocationServicesBPLibrary
LogPluginManager: Mounting plugin MobilePatchingUtils
LogPluginManager: Mounting plugin PhysXVehicles
LogPluginManager: Mounting plugin PostSplashScreen
LogPluginManager: Mounting plugin ProceduralMeshComponent
LogPluginManager: Mounting plugin RuntimePhysXCooking
LogPluginManager: Mounting plugin SignificanceManager
LogPluginManager: Mounting plugin WebMMoviePlayer
LogPluginManager: Mounting plugin WindowsMoviePlayer
LogPluginManager: Mounting plugin ScreenshotTools
LogInit: Using libcurl 7.55.1-DEV
LogInit:  - built for x86_64-pc-win32
LogInit:  - supports SSL with OpenSSL/1.1.1
LogInit:  - supports HTTP deflate (compression) using libz 1.2.8
LogInit:  - other features:
LogInit:      CURL_VERSION_SSL
LogInit:      CURL_VERSION_LIBZ
LogInit:      CURL_VERSION_IPV6
LogInit:      CURL_VERSION_ASYNCHDNS
LogInit:      CURL_VERSION_LARGEFILE
LogInit:      CURL_VERSION_IDN
LogInit:  CurlRequestOptions (configurable via config and command line):
LogInit:  - bVerifyPeer = true  - Libcurl will verify peer certificate
LogInit:  - bUseHttpProxy = false  - Libcurl will NOT use HTTP proxy
LogInit:  - bDontReuseConnections = false  - Libcurl will reuse connections
LogInit:  - MaxHostConnections = 16  - Libcurl will limit the number of connections to a host
LogInit:  - LocalHostAddr = Default
LogInit:  - BufferSize = 65536
LogOnline: OSS: Creating online subsystem instance for: NULL
LogInit: WinSock: version 1.1 (2.2), MaxSocks=32767, MaxUdp=65467
LogOnline: OSS: TryLoadSubsystemAndSetDefault: Loaded subsystem for module [NULL]
LogInit: Build: ++UE4+Release-4.24-CL-11590370
LogInit: Engine Version: 4.24.3-11590370+++UE4+Release-4.24
LogInit: Compatible Engine Version: 4.24.0-10570792+++UE4+Release-4.24
LogInit: Net CL: 10570792
LogInit: OS: Windows 10 (Release 1903) (), CPU: Intel(R) Core(TM) i7-7700HQ CPU @ 2.80GHz, GPU: Intel(R) HD Graphics 630
LogInit: Compiled (64-bit): Feb 24 2020 15:39:18
LogInit: Compiled with Visual C++: 19.16.27032.01
LogInit: Build Configuration: Development
LogInit: Branch Name: ++UE4+Release-4.24
LogInit: Command Line: 
LogInit: Base Directory: D:/UE_4.24/Engine/Binaries/Win64/
LogInit: Installed Engine Build: 1
LogDevObjectVersion: Number of dev versions registered: 25
LogDevObjectVersion:   Dev-Blueprints (B0D832E4-1F89-4F0D-ACCF-7EB736FD4AA2): 10
LogDevObjectVersion:   Dev-Build (E1C64328-A22C-4D53-A36C-8E866417BD8C): 0
LogDevObjectVersion:   Dev-Core (375EC13C-06E4-48FB-B500-84F0262A717E): 3
LogDevObjectVersion:   Dev-Editor (E4B068ED-F494-42E9-A231-DA0B2E46BB41): 37
LogDevObjectVersion:   Dev-Framework (CFFC743F-43B0-4480-9391-14DF171D2073): 36
LogDevObjectVersion:   Dev-Mobile (B02B49B5-BB20-44E9-A304-32B752E40360): 2
LogDevObjectVersion:   Dev-Networking (A4E4105C-59A1-49B5-A7C5-40C4547EDFEE): 0
LogDevObjectVersion:   Dev-Online (39C831C9-5AE6-47DC-9A44-9C173E1C8E7C): 0
LogDevObjectVersion:   Dev-Physics (78F01B33-EBEA-4F98-B9B4-84EACCB95AA2): 2
LogDevObjectVersion:   Dev-Platform (6631380F-2D4D-43E0-8009-CF276956A95A): 0
LogDevObjectVersion:   Dev-Rendering (12F88B9F-8875-4AFC-A67C-D90C383ABD29): 36
LogDevObjectVersion:   Dev-Sequencer (7B5AE74C-D270-4C10-A958-57980B212A5A): 11
LogDevObjectVersion:   Dev-VR (D7296918-1DD6-4BDD-9DE2-64A83CC13884): 2
LogDevObjectVersion:   Dev-LoadTimes (C2A15278-BFE7-4AFE-6C17-90FF531DF755): 1
LogDevObjectVersion:   Private-Geometry (6EACA3D4-40EC-4CC1-B786-8BED09428FC5): 3
LogDevObjectVersion:   Dev-AnimPhys (29E575DD-E0A3-4627-9D10-D276232CDCEA): 17
LogDevObjectVersion:   Dev-Anim (AF43A65D-7FD3-4947-9873-3E8ED9C1BB05): 2
LogDevObjectVersion:   Dev-ReflectionCapture (6B266CEC-1EC7-4B8F-A30B-E4D90942FC07): 1
LogDevObjectVersion:   Dev-Automation (0DF73D61-A23F-47EA-B727-89E90C41499A): 1
LogDevObjectVersion:   FortniteMain (601D1886-AC64-4F84-AA16-D3DE0DEAC7D6): 31
LogDevObjectVersion:   Dev-Enterprise (9DFFBCD6-494F-0158-E221-12823C92A888): 8
LogDevObjectVersion:   Dev-Niagara (F2AED0AC-9AFE-416F-8664-AA7FFA26D6FC): 1
LogDevObjectVersion:   Dev-Destruction (174F1F0B-B4C6-45A5-B13F-2EE8D0FB917D): 9
LogDevObjectVersion:   Dev-Physics-Ext (35F94A83-E258-406C-A318-09F59610247C): 8
LogDevObjectVersion:   Dev-CineCamera (B2E18506-4273-CFC2-A54E-F4BB758BBA07): 1
LogInit: Presizing for max 25165824 objects, including 0 objects not considered by GC, pre-allocating 0 bytes for permanent pool.
LogInit: Object subsystem initialized
LogConfig: Setting CVar [[con.DebugEarlyDefault:1]]
LogConfig: Setting CVar [[r.setres:1280x720]]
[2020.06.16-07.38.20:766][  0]LogConfig: Setting CVar [[r.VSync:0]]
[2020.06.16-07.38.20:766][  0]LogConfig: Setting CVar [[r.RHICmdBypass:0]]
[2020.06.16-07.38.20:767][  0]LogConfig: Applying CVar settings from Section [/Script/Engine.RendererSettings] File [D:/OsmoseSansPersistence/Saved/Config/Windows/Engine.ini]
[2020.06.16-07.38.20:767][  0]LogConfig: Setting CVar [[r.GPUCrashDebugging:0]]
[2020.06.16-07.38.20:767][  0]LogConfig: Setting CVar [[r.DefaultFeature.AutoExposure:0]]
[2020.06.16-07.38.20:767][  0]LogConfig: Applying CVar settings from Section [/Script/Engine.RendererOverrideSettings] File [D:/OsmoseSansPersistence/Saved/Config/Windows/Engine.ini]
[2020.06.16-07.38.20:767][  0]LogConfig: Applying CVar settings from Section [/Script/Engine.StreamingSettings] File [D:/OsmoseSansPersistence/Saved/Config/Windows/Engine.ini]
[2020.06.16-07.38.20:767][  0]LogConfig: Setting CVar [[s.MinBulkDataSizeForAsyncLoading:131072]]
[2020.06.16-07.38.20:767][  0]LogConfig: Setting CVar [[s.AsyncLoadingThreadEnabled:0]]
[2020.06.16-07.38.20:767][  0]LogConfig: Setting CVar [[s.EventDrivenLoaderEnabled:1]]
[2020.06.16-07.38.20:767][  0]LogConfig: Setting CVar [[s.WarnIfTimeLimitExceeded:0]]
[2020.06.16-07.38.20:767][  0]LogConfig: Setting CVar [[s.TimeLimitExceededMultiplier:1.5]]
[2020.06.16-07.38.20:767][  0]LogConfig: Setting CVar [[s.TimeLimitExceededMinTime:0.005]]
[2020.06.16-07.38.20:767][  0]LogConfig: Setting CVar [[s.UseBackgroundLevelStreaming:1]]
[2020.06.16-07.38.20:767][  0]LogConfig: Setting CVar [[s.PriorityAsyncLoadingExtraTime:15.0]]
[2020.06.16-07.38.20:767][  0]LogConfig: Setting CVar [[s.LevelStreamingActorsUpdateTimeLimit:5.0]]
[2020.06.16-07.38.20:767][  0]LogConfig: Setting CVar [[s.PriorityLevelStreamingActorsUpdateExtraTime:5.0]]
[2020.06.16-07.38.20:767][  0]LogConfig: Setting CVar [[s.LevelStreamingComponentsRegistrationGranularity:10]]
[2020.06.16-07.38.20:767][  0]LogConfig: Setting CVar [[s.UnregisterComponentsTimeLimit:1.0]]
[2020.06.16-07.38.20:767][  0]LogConfig: Setting CVar [[s.LevelStreamingComponentsUnregistrationGranularity:5]]
[2020.06.16-07.38.20:767][  0]LogConfig: Setting CVar [[s.FlushStreamingOnExit:1]]
[2020.06.16-07.38.20:767][  0]LogConfig: Applying CVar settings from Section [/Script/Engine.GarbageCollectionSettings] File [D:/OsmoseSansPersistence/Saved/Config/Windows/Engine.ini]
[2020.06.16-07.38.20:767][  0]LogConfig: Setting CVar [[gc.MaxObjectsNotConsideredByGC:1]]
[2020.06.16-07.38.20:767][  0]LogConfig: Setting CVar [[gc.SizeOfPermanentObjectPool:0]]
[2020.06.16-07.38.20:767][  0]LogConfig: Setting CVar [[gc.FlushStreamingOnGC:0]]
[2020.06.16-07.38.20:767][  0]LogConfig: Setting CVar [[gc.NumRetriesBeforeForcingGC:10]]
[2020.06.16-07.38.20:767][  0]LogConfig: Setting CVar [[gc.AllowParallelGC:1]]
[2020.06.16-07.38.20:767][  0]LogConfig: Setting CVar [[gc.TimeBetweenPurgingPendingKillObjects:61.1]]
[2020.06.16-07.38.20:767][  0]LogConfig: Setting CVar [[gc.MaxObjectsInEditor:25165824]]
[2020.06.16-07.38.20:767][  0]LogConfig: Setting CVar [[gc.IncrementalBeginDestroyEnabled:1]]
[2020.06.16-07.38.20:767][  0]LogConfig: Setting CVar [[gc.CreateGCClusters:1]]
[2020.06.16-07.38.20:767][  0]LogConfig: Setting CVar [[gc.MinGCClusterSize:5]]
[2020.06.16-07.38.20:767][  0]LogConfig: Setting CVar [[gc.ActorClusteringEnabled:0]]
[2020.06.16-07.38.20:767][  0]LogConfig: Setting CVar [[gc.BlueprintClusteringEnabled:0]]
[2020.06.16-07.38.20:767][  0]LogConfig: Setting CVar [[gc.UseDisregardForGCOnDedicatedServers:0]]
[2020.06.16-07.38.20:767][  0]LogConfig: Applying CVar settings from Section [/Script/Engine.NetworkSettings] File [D:/OsmoseSansPersistence/Saved/Config/Windows/Engine.ini]
[2020.06.16-07.38.20:767][  0]LogConfig: Applying CVar settings from Section [/Script/UnrealEd.CookerSettings] File [D:/OsmoseSansPersistence/Saved/Config/Windows/Engine.ini]
[2020.06.16-07.38.20:908][  0]LogConfig: Applying CVar settings from Section [ViewDistanceQuality@3] File [D:/OsmoseSansPersistence/Saved/Config/Windows/Scalability.ini]
[2020.06.16-07.38.20:909][  0]LogConfig: Setting CVar [[r.SkeletalMeshLODBias:0]]
[2020.06.16-07.38.20:909][  0]LogConfig: Setting CVar [[r.ViewDistanceScale:1.0]]
[2020.06.16-07.38.20:909][  0]LogConfig: Applying CVar settings from Section [AntiAliasingQuality@3] File [D:/OsmoseSansPersistence/Saved/Config/Windows/Scalability.ini]
[2020.06.16-07.38.20:909][  0]LogConfig: Setting CVar [[r.PostProcessAAQuality:4]]
[2020.06.16-07.38.20:909][  0]LogConfig: Applying CVar settings from Section [ShadowQuality@3] File [D:/OsmoseSansPersistence/Saved/Config/Windows/Scalability.ini]
[2020.06.16-07.38.20:909][  0]LogConfig: Setting CVar [[r.LightFunctionQuality:1]]
[2020.06.16-07.38.20:909][  0]LogConfig: Setting CVar [[r.ShadowQuality:5]]
[2020.06.16-07.38.20:909][  0]LogConfig: Setting CVar [[r.Shadow.CSM.MaxCascades:10]]
[2020.06.16-07.38.20:909][  0]LogConfig: Setting CVar [[r.Shadow.MaxResolution:2048]]
[2020.06.16-07.38.20:909][  0]LogConfig: Setting CVar [[r.Shadow.MaxCSMResolution:2048]]
[2020.06.16-07.38.20:909][  0]LogConfig: Setting CVar [[r.Shadow.RadiusThreshold:0.01]]
[2020.06.16-07.38.20:909][  0]LogConfig: Setting CVar [[r.Shadow.DistanceScale:1.0]]
[2020.06.16-07.38.20:909][  0]LogConfig: Setting CVar [[r.Shadow.CSM.TransitionScale:1.0]]
[2020.06.16-07.38.20:909][  0]LogConfig: Setting CVar [[r.Shadow.PreShadowResolutionFactor:1.0]]
[2020.06.16-07.38.20:909][  0]LogConfig: Setting CVar [[r.DistanceFieldShadowing:1]]
[2020.06.16-07.38.20:909][  0]LogConfig: Setting CVar [[r.DistanceFieldAO:1]]
[2020.06.16-07.38.20:909][  0]LogConfig: Setting CVar [[r.AOQuality:2]]
[2020.06.16-07.38.20:910][  0]LogConfig: Setting CVar [[r.VolumetricFog:1]]
[2020.06.16-07.38.20:910][  0]LogConfig: Setting CVar [[r.VolumetricFog.GridPixelSize:8]]
[2020.06.16-07.38.20:910][  0]LogConfig: Setting CVar [[r.VolumetricFog.GridSizeZ:128]]
[2020.06.16-07.38.20:910][  0]LogConfig: Setting CVar [[r.VolumetricFog.HistoryMissSupersampleCount:4]]
[2020.06.16-07.38.20:910][  0]LogConfig: Setting CVar [[r.LightMaxDrawDistanceScale:1]]
[2020.06.16-07.38.20:910][  0]LogConfig: Setting CVar [[r.CapsuleShadows:1]]
[2020.06.16-07.38.20:910][  0]LogConfig: Applying CVar settings from Section [PostProcessQuality@3] File [D:/OsmoseSansPersistence/Saved/Config/Windows/Scalability.ini]
[2020.06.16-07.38.20:910][  0]LogConfig: Setting CVar [[r.MotionBlurQuality:4]]
[2020.06.16-07.38.20:910][  0]LogConfig: Setting CVar [[r.AmbientOcclusionMipLevelFactor:0.4]]
[2020.06.16-07.38.20:910][  0]LogConfig: Setting CVar [[r.AmbientOcclusionMaxQuality:100]]
[2020.06.16-07.38.20:910][  0]LogConfig: Setting CVar [[r.AmbientOcclusionLevels:-1]]
[2020.06.16-07.38.20:910][  0]LogConfig: Setting CVar [[r.AmbientOcclusionRadiusScale:1.0]]
[2020.06.16-07.38.20:910][  0]LogConfig: Setting CVar [[r.DepthOfFieldQuality:2]]
[2020.06.16-07.38.20:910][  0]LogConfig: Setting CVar [[r.RenderTargetPoolMin:400]]
[2020.06.16-07.38.20:910][  0]LogConfig: Setting CVar [[r.LensFlareQuality:2]]
[2020.06.16-07.38.20:910][  0]LogConfig: Setting CVar [[r.SceneColorFringeQuality:1]]
[2020.06.16-07.38.20:910][  0]LogConfig: Setting CVar [[r.EyeAdaptationQuality:2]]
[2020.06.16-07.38.20:911][  0]LogConfig: Setting CVar [[r.BloomQuality:5]]
[2020.06.16-07.38.20:911][  0]LogConfig: Setting CVar [[r.FastBlurThreshold:100]]
[2020.06.16-07.38.20:911][  0]LogConfig: Setting CVar [[r.Upscale.Quality:3]]
[2020.06.16-07.38.20:911][  0]LogConfig: Setting CVar [[r.Tonemapper.GrainQuantization:1]]
[2020.06.16-07.38.20:911][  0]LogConfig: Setting CVar [[r.LightShaftQuality:1]]
[2020.06.16-07.38.20:911][  0]LogConfig: Setting CVar [[r.Filter.SizeScale:1]]
[2020.06.16-07.38.20:911][  0]LogConfig: Setting CVar [[r.Tonemapper.Quality:5]]
[2020.06.16-07.38.20:911][  0]LogConfig: Setting CVar [[r.DOF.Gather.AccumulatorQuality:1        ; higher gathering accumulator quality]]
[2020.06.16-07.38.20:911][  0]LogConfig: Setting CVar [[r.DOF.Gather.PostfilterMethod:1          ; Median3x3 postfilering method]]
[2020.06.16-07.38.20:911][  0]LogConfig: Setting CVar [[r.DOF.Gather.EnableBokehSettings:0       ; no bokeh simulation when gathering]]
[2020.06.16-07.38.20:911][  0]LogConfig: Setting CVar [[r.DOF.Gather.RingCount:4                 ; medium number of samples when gathering]]
[2020.06.16-07.38.20:911][  0]LogConfig: Setting CVar [[r.DOF.Scatter.ForegroundCompositing:1    ; additive foreground scattering]]
[2020.06.16-07.38.20:911][  0]LogConfig: Setting CVar [[r.DOF.Scatter.BackgroundCompositing:2    ; additive background scattering]]
[2020.06.16-07.38.20:911][  0]LogConfig: Setting CVar [[r.DOF.Scatter.EnableBokehSettings:1      ; bokeh simulation when scattering]]
[2020.06.16-07.38.20:911][  0]LogConfig: Setting CVar [[r.DOF.Scatter.MaxSpriteRatio:0.1         ; only a maximum of 10% of scattered bokeh]]
[2020.06.16-07.38.20:911][  0]LogConfig: Setting CVar [[r.DOF.Recombine.Quality:1                ; cheap slight out of focus]]
[2020.06.16-07.38.20:911][  0]LogConfig: Setting CVar [[r.DOF.Recombine.EnableBokehSettings:0    ; no bokeh simulation on slight out of focus]]
[2020.06.16-07.38.20:911][  0]LogConfig: Setting CVar [[r.DOF.TemporalAAQuality:1                ; more stable temporal accumulation]]
[2020.06.16-07.38.20:911][  0]LogConfig: Setting CVar [[r.DOF.Kernel.MaxForegroundRadius:0.025]]
[2020.06.16-07.38.20:911][  0]LogConfig: Setting CVar [[r.DOF.Kernel.MaxBackgroundRadius:0.025]]
[2020.06.16-07.38.20:911][  0]LogConfig: Applying CVar settings from Section [TextureQuality@3] File [D:/OsmoseSansPersistence/Saved/Config/Windows/Scalability.ini]
[2020.06.16-07.38.20:911][  0]LogConfig: Setting CVar [[r.Streaming.MipBias:0]]
[2020.06.16-07.38.20:911][  0]LogConfig: Setting CVar [[r.Streaming.AmortizeCPUToGPUCopy:0]]
[2020.06.16-07.38.20:911][  0]LogConfig: Setting CVar [[r.Streaming.MaxNumTexturesToStreamPerFrame:0]]
[2020.06.16-07.38.20:912][  0]LogConfig: Setting CVar [[r.Streaming.Boost:1]]
[2020.06.16-07.38.20:912][  0]LogConfig: Setting CVar [[r.MaxAnisotropy:8]]
[2020.06.16-07.38.20:912][  0]LogConfig: Setting CVar [[r.VT.MaxAnisotropy:8]]
[2020.06.16-07.38.20:912][  0]LogConfig: Setting CVar [[r.Streaming.LimitPoolSizeToVRAM:0]]
[2020.06.16-07.38.20:912][  0]LogConfig: Setting CVar [[r.Streaming.PoolSize:1000]]
[2020.06.16-07.38.20:912][  0]LogConfig: Setting CVar [[r.Streaming.MaxEffectiveScreenSize:0]]
[2020.06.16-07.38.20:912][  0]LogConfig: Applying CVar settings from Section [EffectsQuality@3] File [D:/OsmoseSansPersistence/Saved/Config/Windows/Scalability.ini]
[2020.06.16-07.38.20:912][  0]LogConfig: Setting CVar [[r.TranslucencyLightingVolumeDim:64]]
[2020.06.16-07.38.20:912][  0]LogConfig: Setting CVar [[r.RefractionQuality:2]]
[2020.06.16-07.38.20:912][  0]LogConfig: Setting CVar [[r.SSR.Quality:3]]
[2020.06.16-07.38.20:912][  0]LogConfig: Setting CVar [[r.SSR.HalfResSceneColor:0]]
[2020.06.16-07.38.20:912][  0]LogConfig: Setting CVar [[r.SceneColorFormat:4]]
[2020.06.16-07.38.20:912][  0]LogConfig: Setting CVar [[r.DetailMode:2]]
[2020.06.16-07.38.20:912][  0]LogConfig: Setting CVar [[r.TranslucencyVolumeBlur:1]]
[2020.06.16-07.38.20:912][  0]LogConfig: Setting CVar [[r.MaterialQualityLevel:1 ; High quality]]
[2020.06.16-07.38.20:912][  0]LogConfig: Setting CVar [[r.SSS.Scale:1]]
[2020.06.16-07.38.20:912][  0]LogConfig: Setting CVar [[r.SSS.SampleSet:2]]
[2020.06.16-07.38.20:912][  0]LogConfig: Setting CVar [[r.SSS.Quality:1]]
[2020.06.16-07.38.20:912][  0]LogConfig: Setting CVar [[r.SSS.HalfRes:1]]
[2020.06.16-07.38.20:912][  0]LogConfig: Setting CVar [[r.SSGI.Quality:3]]
[2020.06.16-07.38.20:912][  0]LogConfig: Setting CVar [[r.EmitterSpawnRateScale:1.0]]
[2020.06.16-07.38.20:912][  0]LogConfig: Setting CVar [[r.ParticleLightQuality:2]]
[2020.06.16-07.38.20:912][  0]LogConfig: Setting CVar [[r.SkyAtmosphere.AerialPerspectiveLUT.FastApplyOnOpaque:1 ; Always have FastSkyLUT 1 in this case to avoid wrong sky]]
[2020.06.16-07.38.20:912][  0]LogConfig: Setting CVar [[r.SkyAtmosphere.AerialPerspectiveLUT.SampleCountPerSlice:1]]
[2020.06.16-07.38.20:912][  0]LogConfig: Setting CVar [[r.SkyAtmosphere.AerialPerspectiveLUT.DepthResolution:16.0]]
[2020.06.16-07.38.20:912][  0]LogConfig: Setting CVar [[r.SkyAtmosphere.FastSkyLUT:1]]
[2020.06.16-07.38.20:912][  0]LogConfig: Setting CVar [[r.SkyAtmosphere.FastSkyLUT.SampleCountMin:4.0]]
[2020.06.16-07.38.20:912][  0]LogConfig: Setting CVar [[r.SkyAtmosphere.FastSkyLUT.SampleCountMax:32.0]]
[2020.06.16-07.38.20:912][  0]LogConfig: Setting CVar [[r.SkyAtmosphere.SampleCountMin:4.0]]
[2020.06.16-07.38.20:913][  0]LogConfig: Setting CVar [[r.SkyAtmosphere.SampleCountMax:32.0]]
[2020.06.16-07.38.20:913][  0]LogConfig: Setting CVar [[r.SkyAtmosphere.TransmittanceLUT.UseSmallFormat:0]]
[2020.06.16-07.38.20:913][  0]LogConfig: Setting CVar [[r.SkyAtmosphere.TransmittanceLUT.SampleCount:10.0]]
[2020.06.16-07.38.20:913][  0]LogConfig: Setting CVar [[r.SkyAtmosphere.MultiScatteringLUT.SampleCount:15.0]]
[2020.06.16-07.38.20:913][  0]LogConfig: Applying CVar settings from Section [FoliageQuality@3] File [D:/OsmoseSansPersistence/Saved/Config/Windows/Scalability.ini]
[2020.06.16-07.38.20:913][  0]LogConfig: Setting CVar [[foliage.DensityScale:1.0]]
[2020.06.16-07.38.20:913][  0]LogConfig: Setting CVar [[grass.DensityScale:1.0]]
[2020.06.16-07.38.20:913][  0]LogConfig: Applying CVar settings from Section [ShadingQuality@3] File [D:/OsmoseSansPersistence/Saved/Config/Windows/Scalability.ini]
[2020.06.16-07.38.20:913][  0]LogConfig: Setting CVar [[r.HairStrands.SkyLighting.SampleCount:16]]
[2020.06.16-07.38.20:913][  0]LogConfig: Setting CVar [[r.HairStrands.SkyLighting.JitterIntegration:0]]
[2020.06.16-07.38.20:913][  0]LogConfig: Setting CVar [[r.HairStrands.SkyAO.SampleCount:16]]
[2020.06.16-07.38.20:928][  0]LogInit: Selected Device Profile: [Windows]
[2020.06.16-07.38.20:928][  0]LogInit: Applying CVar settings loaded from the selected device profile: [Windows]
[2020.06.16-07.38.20:990][  0]LogHAL: Display: Platform has ~ 13 GB [13856116736 / 17179869184 / 13], which maps to Larger [LargestMinGB=32, LargerMinGB=12, DefaultMinGB=8, SmallerMinGB=6, SmallestMinGB=0)
[2020.06.16-07.38.20:990][  0]LogInit: Going up to parent DeviceProfile []
[2020.06.16-07.38.20:990][  0]LogConfig: Applying CVar settings from Section [ViewDistanceQuality@1] File [D:/OsmoseSansPersistence/Saved/Config/Windows/Scalability.ini]
[2020.06.16-07.38.20:990][  0]LogConfig: Setting CVar [[r.SkeletalMeshLODBias:1]]
[2020.06.16-07.38.20:990][  0]LogConfig: Setting CVar [[r.ViewDistanceScale:0.6]]
[2020.06.16-07.38.20:990][  0]LogConfig: Applying CVar settings from Section [AntiAliasingQuality@0] File [D:/OsmoseSansPersistence/Saved/Config/Windows/Scalability.ini]
[2020.06.16-07.38.20:990][  0]LogConfig: Setting CVar [[r.PostProcessAAQuality:0]]
[2020.06.16-07.38.20:990][  0]LogConfig: Applying CVar settings from Section [ShadowQuality@0] File [D:/OsmoseSansPersistence/Saved/Config/Windows/Scalability.ini]
[2020.06.16-07.38.20:990][  0]LogConfig: Setting CVar [[r.LightFunctionQuality:0]]
[2020.06.16-07.38.20:990][  0]LogConfig: Setting CVar [[r.ShadowQuality:0]]
[2020.06.16-07.38.20:990][  0]LogConfig: Setting CVar [[r.Shadow.CSM.MaxCascades:1]]
[2020.06.16-07.38.20:990][  0]LogConfig: Setting CVar [[r.Shadow.MaxResolution:512]]
[2020.06.16-07.38.20:990][  0]LogConfig: Setting CVar [[r.Shadow.MaxCSMResolution:512]]
[2020.06.16-07.38.20:990][  0]LogConfig: Setting CVar [[r.Shadow.RadiusThreshold:0.06]]
[2020.06.16-07.38.20:990][  0]LogConfig: Setting CVar [[r.Shadow.DistanceScale:0.6]]
[2020.06.16-07.38.20:990][  0]LogConfig: Setting CVar [[r.Shadow.CSM.TransitionScale:0]]
[2020.06.16-07.38.20:990][  0]LogConfig: Setting CVar [[r.Shadow.PreShadowResolutionFactor:0.5]]
[2020.06.16-07.38.20:990][  0]LogConfig: Setting CVar [[r.DistanceFieldShadowing:0]]
[2020.06.16-07.38.20:990][  0]LogConfig: Setting CVar [[r.DistanceFieldAO:0]]
[2020.06.16-07.38.20:990][  0]LogConfig: Setting CVar [[r.VolumetricFog:0]]
[2020.06.16-07.38.20:990][  0]LogConfig: Setting CVar [[r.LightMaxDrawDistanceScale:0]]
[2020.06.16-07.38.20:990][  0]LogConfig: Setting CVar [[r.CapsuleShadows:0]]
[2020.06.16-07.38.20:990][  0]LogConfig: Applying CVar settings from Section [PostProcessQuality@0] File [D:/OsmoseSansPersistence/Saved/Config/Windows/Scalability.ini]
[2020.06.16-07.38.20:990][  0]LogConfig: Setting CVar [[r.MotionBlurQuality:0]]
[2020.06.16-07.38.20:990][  0]LogConfig: Setting CVar [[r.AmbientOcclusionMipLevelFactor:1.0]]
[2020.06.16-07.38.20:990][  0]LogConfig: Setting CVar [[r.AmbientOcclusionMaxQuality:0]]
[2020.06.16-07.38.20:990][  0]LogConfig: Setting CVar [[r.AmbientOcclusionLevels:0]]
[2020.06.16-07.38.20:990][  0]LogConfig: Setting CVar [[r.AmbientOcclusionRadiusScale:1.2]]
[2020.06.16-07.38.20:990][  0]LogConfig: Setting CVar [[r.DepthOfFieldQuality:0]]
[2020.06.16-07.38.20:990][  0]LogConfig: Setting CVar [[r.RenderTargetPoolMin:300]]
[2020.06.16-07.38.20:990][  0]LogConfig: Setting CVar [[r.LensFlareQuality:0]]
[2020.06.16-07.38.20:990][  0]LogConfig: Setting CVar [[r.SceneColorFringeQuality:0]]
[2020.06.16-07.38.20:990][  0]LogConfig: Setting CVar [[r.EyeAdaptationQuality:0]]
[2020.06.16-07.38.20:990][  0]LogConfig: Setting CVar [[r.BloomQuality:4]]
[2020.06.16-07.38.20:990][  0]LogConfig: Setting CVar [[r.FastBlurThreshold:0]]
[2020.06.16-07.38.20:990][  0]LogConfig: Setting CVar [[r.Upscale.Quality:1]]
[2020.06.16-07.38.20:990][  0]LogConfig: Setting CVar [[r.Tonemapper.GrainQuantization:0]]
[2020.06.16-07.38.20:990][  0]LogConfig: Setting CVar [[r.LightShaftQuality:0]]
[2020.06.16-07.38.20:990][  0]LogConfig: Setting CVar [[r.Filter.SizeScale:0.6]]
[2020.06.16-07.38.20:990][  0]LogConfig: Setting CVar [[r.Tonemapper.Quality:0]]
[2020.06.16-07.38.20:990][  0]LogConfig: Applying CVar settings from Section [TextureQuality@0] File [D:/OsmoseSansPersistence/Saved/Config/Windows/Scalability.ini]
[2020.06.16-07.38.20:990][  0]LogConfig: Setting CVar [[r.Streaming.MipBias:16]]
[2020.06.16-07.38.20:990][  0]LogConfig: Setting CVar [[r.Streaming.AmortizeCPUToGPUCopy:1]]
[2020.06.16-07.38.20:990][  0]LogConfig: Setting CVar [[r.Streaming.MaxNumTexturesToStreamPerFrame:1]]
[2020.06.16-07.38.20:990][  0]LogConfig: Setting CVar [[r.Streaming.Boost:0.3]]
[2020.06.16-07.38.20:990][  0]LogConfig: Setting CVar [[r.MaxAnisotropy:0]]
[2020.06.16-07.38.20:990][  0]LogConfig: Setting CVar [[r.VT.MaxAnisotropy:4]]
[2020.06.16-07.38.20:990][  0]LogConfig: Setting CVar [[r.Streaming.LimitPoolSizeToVRAM:1]]
[2020.06.16-07.38.20:990][  0]LogConfig: Setting CVar [[r.Streaming.PoolSize:400]]
[2020.06.16-07.38.20:990][  0]LogConfig: Setting CVar [[r.Streaming.MaxEffectiveScreenSize:0]]
[2020.06.16-07.38.20:990][  0]LogConfig: Applying CVar settings from Section [EffectsQuality@3] File [D:/OsmoseSansPersistence/Saved/Config/Windows/Scalability.ini]
[2020.06.16-07.38.20:990][  0]LogConfig: Setting CVar [[r.TranslucencyLightingVolumeDim:64]]
[2020.06.16-07.38.20:990][  0]LogConfig: Setting CVar [[r.RefractionQuality:2]]
[2020.06.16-07.38.20:990][  0]LogConfig: Setting CVar [[r.SSR.Quality:3]]
[2020.06.16-07.38.20:990][  0]LogConfig: Setting CVar [[r.SSR.HalfResSceneColor:0]]
[2020.06.16-07.38.20:990][  0]LogConfig: Setting CVar [[r.SceneColorFormat:4]]
[2020.06.16-07.38.20:990][  0]LogConfig: Setting CVar [[r.DetailMode:2]]
[2020.06.16-07.38.20:990][  0]LogConfig: Setting CVar [[r.TranslucencyVolumeBlur:1]]
[2020.06.16-07.38.20:990][  0]LogConfig: Setting CVar [[r.MaterialQualityLevel:1 ; High quality]]
[2020.06.16-07.38.20:990][  0]LogConfig: Setting CVar [[r.SSS.Scale:1]]
[2020.06.16-07.38.20:990][  0]LogConfig: Setting CVar [[r.SSS.SampleSet:2]]
[2020.06.16-07.38.20:990][  0]LogConfig: Setting CVar [[r.SSS.Quality:1]]
[2020.06.16-07.38.20:990][  0]LogConfig: Setting CVar [[r.SSS.HalfRes:1]]
[2020.06.16-07.38.20:990][  0]LogConfig: Setting CVar [[r.SSGI.Quality:3]]
[2020.06.16-07.38.20:990][  0]LogConfig: Setting CVar [[r.EmitterSpawnRateScale:1.0]]
[2020.06.16-07.38.20:990][  0]LogConfig: Setting CVar [[r.ParticleLightQuality:2]]
[2020.06.16-07.38.20:990][  0]LogConfig: Setting CVar [[r.SkyAtmosphere.AerialPerspectiveLUT.FastApplyOnOpaque:1 ; Always have FastSkyLUT 1 in this case to avoid wrong sky]]
[2020.06.16-07.38.20:990][  0]LogConfig: Setting CVar [[r.SkyAtmosphere.AerialPerspectiveLUT.SampleCountPerSlice:1]]
[2020.06.16-07.38.20:990][  0]LogConfig: Setting CVar [[r.SkyAtmosphere.AerialPerspectiveLUT.DepthResolution:16.0]]
[2020.06.16-07.38.20:990][  0]LogConfig: Setting CVar [[r.SkyAtmosphere.FastSkyLUT:1]]
[2020.06.16-07.38.20:990][  0]LogConfig: Setting CVar [[r.SkyAtmosphere.FastSkyLUT.SampleCountMin:4.0]]
[2020.06.16-07.38.20:991][  0]LogConfig: Setting CVar [[r.SkyAtmosphere.FastSkyLUT.SampleCountMax:32.0]]
[2020.06.16-07.38.20:991][  0]LogConfig: Setting CVar [[r.SkyAtmosphere.SampleCountMin:4.0]]
[2020.06.16-07.38.20:991][  0]LogConfig: Setting CVar [[r.SkyAtmosphere.SampleCountMax:32.0]]
[2020.06.16-07.38.20:991][  0]LogConfig: Setting CVar [[r.SkyAtmosphere.TransmittanceLUT.UseSmallFormat:0]]
[2020.06.16-07.38.20:991][  0]LogConfig: Setting CVar [[r.SkyAtmosphere.TransmittanceLUT.SampleCount:10.0]]
[2020.06.16-07.38.20:991][  0]LogConfig: Setting CVar [[r.SkyAtmosphere.MultiScatteringLUT.SampleCount:15.0]]
[2020.06.16-07.38.20:991][  0]LogConfig: Applying CVar settings from Section [FoliageQuality@0] File [D:/OsmoseSansPersistence/Saved/Config/Windows/Scalability.ini]
[2020.06.16-07.38.20:991][  0]LogConfig: Setting CVar [[foliage.DensityScale:0]]
[2020.06.16-07.38.20:991][  0]LogConfig: Setting CVar [[grass.DensityScale:0]]
[2020.06.16-07.38.20:991][  0]LogConfig: Applying CVar settings from Section [ShadingQuality@0] File [D:/OsmoseSansPersistence/Saved/Config/Windows/Scalability.ini]
[2020.06.16-07.38.20:991][  0]LogConfig: Setting CVar [[r.HairStrands.SkyLighting.SampleCount:8]]
[2020.06.16-07.38.20:991][  0]LogConfig: Setting CVar [[r.HairStrands.SkyLighting.JitterIntegration:0]]
[2020.06.16-07.38.20:991][  0]LogConfig: Setting CVar [[r.HairStrands.SkyAO.SampleCount:8]]
[2020.06.16-07.38.20:991][  0]LogConfig: Applying CVar settings from Section [Startup] File [../../../Engine/Config/ConsoleVariables.ini]
[2020.06.16-07.38.21:020][  0]LogConfig: Setting CVar [[net.UseAdaptiveNetUpdateFrequency:0]]
[2020.06.16-07.38.21:020][  0]LogConfig: Setting CVar [[p.chaos.AllowCreatePhysxBodies:1]]
[2020.06.16-07.38.21:020][  0]LogConfig: Setting CVar [[fx.SkipVectorVMBackendOptimizations:1]]
[2020.06.16-07.38.21:020][  0]LogConfig: Applying CVar settings from Section [ConsoleVariables] File [D:/OsmoseSansPersistence/Saved/Config/Windows/Engine.ini]
[2020.06.16-07.38.21:079][  0]LogInit: Computer: LAPTOP-DNTACK1H
[2020.06.16-07.38.21:079][  0]LogInit: User: nicolas
[2020.06.16-07.38.21:079][  0]LogInit: CPU Page size=4096, Cores=4
[2020.06.16-07.38.21:079][  0]LogInit: High frequency timer resolution =10.000000 MHz
[2020.06.16-07.38.21:079][  0]LogMemory: Memory total: Physical=12.9GB (13GB approx)
[2020.06.16-07.38.21:079][  0]LogMemory: Platform Memory Stats for Windows
[2020.06.16-07.38.21:080][  0]LogMemory: Process Physical Memory: 106.36 MB used, 106.36 MB peak
[2020.06.16-07.38.21:080][  0]LogMemory: Process Virtual Memory: 104.50 MB used, 104.50 MB peak
[2020.06.16-07.38.21:080][  0]LogMemory: Physical Memory: 5856.85 MB used,  7357.38 MB free, 13214.22 MB total
[2020.06.16-07.38.21:080][  0]LogMemory: Virtual Memory: 5139.46 MB used,  134212592.00 MB free, 134217728.00 MB total
[2020.06.16-07.38.21:103][  0]LogWindows: WindowsPlatformFeatures enabled
[2020.06.16-07.38.23:268][  0]LogInit: Using OS detected language (fr-FR).
[2020.06.16-07.38.23:268][  0]LogInit: Using OS detected locale (fr-FR).
[2020.06.16-07.38.23:282][  0]LogTextLocalizationManager: No specific localization for 'fr-FR' exists, so the 'fr' localization will be used.
[2020.06.16-07.38.23:282][  0]LogTextLocalizationResource: LocRes '../../../Engine/Content/Localization/Editor/fr/Editor.locres' could not be opened for reading!
[2020.06.16-07.38.23:282][  0]LogTextLocalizationResource: LocRes '../../../Engine/Content/Localization/EditorTutorials/fr/EditorTutorials.locres' could not be opened for reading!
[2020.06.16-07.38.23:282][  0]LogTextLocalizationResource: LocRes '../../../Engine/Content/Localization/Keywords/fr/Keywords.locres' could not be opened for reading!
[2020.06.16-07.38.23:282][  0]LogTextLocalizationResource: LocRes '../../../Engine/Content/Localization/Category/fr/Category.locres' could not be opened for reading!
[2020.06.16-07.38.23:291][  0]LogTextLocalizationResource: LocRes '../../../Engine/Content/Localization/ToolTips/fr/ToolTips.locres' could not be opened for reading!
[2020.06.16-07.38.23:291][  0]LogTextLocalizationResource: LocRes '../../../Engine/Content/Localization/PropertyNames/fr/PropertyNames.locres' could not be opened for reading!
[2020.06.16-07.38.23:292][  0]LogTextLocalizationResource: LocRes '../../../Engine/Content/Localization/Engine/fr/Engine.locres' could not be opened for reading!
[2020.06.16-07.38.23:421][  0]LogInit: Setting process to per monitor DPI aware
[2020.06.16-07.38.24:390][  0]LogSlate: New Slate User Created.  User Index 0, Is Virtual User: 0
[2020.06.16-07.38.24:390][  0]LogSlate: Slate User Registered.  User Index 0, Is Virtual User: 0
[2020.06.16-07.38.28:716][  0]LogD3D11RHI: D3D11 min allowed feature level: 11_0
[2020.06.16-07.38.28:716][  0]LogD3D11RHI: D3D11 max allowed feature level: 11_0
[2020.06.16-07.38.28:716][  0]LogD3D11RHI: D3D11 adapters:
[2020.06.16-07.38.29:095][  0]LogD3D11RHI:    0. 'NVIDIA GeForce GTX 1060' (Feature Level 11_0)
[2020.06.16-07.38.29:095][  0]LogD3D11RHI:       6081/0/6607 MB DedicatedVideo/DedicatedSystem/SharedSystem, Outputs:1, VendorId:0x10de
[2020.06.16-07.38.29:103][  0]LogD3D11RHI:    1. 'Intel(R) HD Graphics 630' (Feature Level 11_0)
[2020.06.16-07.38.29:103][  0]LogD3D11RHI:       128/0/6607 MB DedicatedVideo/DedicatedSystem/SharedSystem, Outputs:0, VendorId:0x8086
[2020.06.16-07.38.29:106][  0]LogD3D11RHI:    2. 'Microsoft Basic Render Driver' (Feature Level 11_0)
[2020.06.16-07.38.29:106][  0]LogD3D11RHI:       0/0/6607 MB DedicatedVideo/DedicatedSystem/SharedSystem, Outputs:0, VendorId:0x1414
[2020.06.16-07.38.29:106][  0]LogD3D11RHI: Chosen D3D11 Adapter: 0
[2020.06.16-07.38.29:153][  0]LogD3D11RHI: Creating new Direct3DDevice
[2020.06.16-07.38.29:166][  0]LogD3D11RHI:     GPU DeviceId: 0x1c20 (for the marketing name, search the web for "GPU Device Id")
[2020.06.16-07.38.29:166][  0]LogWindows: EnumDisplayDevices:
[2020.06.16-07.38.29:166][  0]LogWindows:    0. 'Intel(R) HD Graphics 630' (P:1 D:1)
[2020.06.16-07.38.29:166][  0]LogWindows:    1. 'Intel(R) HD Graphics 630' (P:0 D:0)
[2020.06.16-07.38.29:167][  0]LogWindows:    2. 'Intel(R) HD Graphics 630' (P:0 D:0)
[2020.06.16-07.38.29:167][  0]LogWindows:    3. 'NVIDIA GeForce GTX 1060' (P:0 D:0)
[2020.06.16-07.38.29:167][  0]LogWindows: DebugString: PrimaryIsNotTheChoosenAdapter PrimaryIsNotTheChoosenAdapter PrimaryIsNotTheChoosenAdapter 
[2020.06.16-07.38.29:167][  0]LogD3D11RHI:     Adapter Name: NVIDIA GeForce GTX 1060
[2020.06.16-07.38.29:167][  0]LogD3D11RHI:   Driver Version: 381.74 (internal:22.21.13.8174, unified:381.74)
[2020.06.16-07.38.29:167][  0]LogD3D11RHI:      Driver Date: 4-9-2017
[2020.06.16-07.38.29:167][  0]LogRHI: Texture pool is 4256 MB (70% of 6081 MB)
[2020.06.16-07.38.29:232][  0]LogD3D11RHI: RHI does not have support for 64 bit atomics
[2020.06.16-07.38.29:233][  0]LogD3D11RHI: Async texture creation enabled
[2020.06.16-07.38.29:527][  0]LogD3D11RHI: GPU Timing Frequency: 1000.000000 (Debug: 2 1)
[2020.06.16-07.38.31:194][  0]LogTargetPlatformManager: Display: Loaded TargetPlatform 'AllDesktop'
[2020.06.16-07.38.31:395][  0]LogTargetPlatformManager: Display: Loaded TargetPlatform 'Android'
[2020.06.16-07.38.31:395][  0]LogTargetPlatformManager: Display: Loaded TargetPlatform 'Android_ASTC'
[2020.06.16-07.38.31:395][  0]LogTargetPlatformManager: Display: Loaded TargetPlatform 'Android_ATC'
[2020.06.16-07.38.31:395][  0]LogTargetPlatformManager: Display: Loaded TargetPlatform 'Android_DXT'
[2020.06.16-07.38.31:395][  0]LogTargetPlatformManager: Display: Loaded TargetPlatform 'Android_ETC1'
[2020.06.16-07.38.31:395][  0]LogTargetPlatformManager: Display: Loaded TargetPlatform 'Android_ETC1a'
[2020.06.16-07.38.31:395][  0]LogTargetPlatformManager: Display: Loaded TargetPlatform 'Android_ETC2'
[2020.06.16-07.38.31:395][  0]LogTargetPlatformManager: Display: Loaded TargetPlatform 'Android_PVRTC'
[2020.06.16-07.38.31:395][  0]LogTargetPlatformManager: Display: Loaded TargetPlatform 'AndroidClient'
[2020.06.16-07.38.31:395][  0]LogTargetPlatformManager: Display: Loaded TargetPlatform 'Android_ASTCClient'
[2020.06.16-07.38.31:395][  0]LogTargetPlatformManager: Display: Loaded TargetPlatform 'Android_ATCClient'
[2020.06.16-07.38.31:395][  0]LogTargetPlatformManager: Display: Loaded TargetPlatform 'Android_DXTClient'
[2020.06.16-07.38.31:395][  0]LogTargetPlatformManager: Display: Loaded TargetPlatform 'Android_ETC1Client'
[2020.06.16-07.38.31:395][  0]LogTargetPlatformManager: Display: Loaded TargetPlatform 'Android_ETC1aClient'
[2020.06.16-07.38.31:395][  0]LogTargetPlatformManager: Display: Loaded TargetPlatform 'Android_ETC2Client'
[2020.06.16-07.38.31:395][  0]LogTargetPlatformManager: Display: Loaded TargetPlatform 'Android_PVRTCClient'
[2020.06.16-07.38.31:395][  0]LogTargetPlatformManager: Display: Loaded TargetPlatform 'Android_Multi'
[2020.06.16-07.38.31:395][  0]LogTargetPlatformManager: Display: Loaded TargetPlatform 'Android_MultiClient'
[2020.06.16-07.38.31:725][  0]LogTargetPlatformManager: Display: Loaded TargetPlatform 'IOSClient'
[2020.06.16-07.38.31:725][  0]LogTargetPlatformManager: Display: Loaded TargetPlatform 'IOS'
[2020.06.16-07.38.31:767][  0]LogTargetPlatformManager: Display: Loaded TargetPlatform 'LinuxNoEditor'
[2020.06.16-07.38.31:864][  0]LogTargetPlatformManager: Display: Loaded TargetPlatform 'LinuxClient'
[2020.06.16-07.38.31:897][  0]LogTargetPlatformManager: Display: Loaded TargetPlatform 'LinuxServer'
[2020.06.16-07.38.31:938][  0]LogTargetPlatformManager: Display: Loaded TargetPlatform 'LinuxAArch64NoEditor'
[2020.06.16-07.38.31:971][  0]LogTargetPlatformManager: Display: Loaded TargetPlatform 'LinuxAArch64Client'
[2020.06.16-07.38.32:020][  0]LogTargetPlatformManager: Display: Loaded TargetPlatform 'LinuxAArch64Server'
[2020.06.16-07.38.32:179][  0]LogTargetPlatformManager: Display: Loaded TargetPlatform 'Lumin'
[2020.06.16-07.38.32:179][  0]LogTargetPlatformManager: Display: Loaded TargetPlatform 'LuminClient'
[2020.06.16-07.38.32:273][  0]LogTargetPlatformManager: Display: Loaded TargetPlatform 'TVOSClient'
[2020.06.16-07.38.32:274][  0]LogTargetPlatformManager: Display: Loaded TargetPlatform 'TVOS'
[2020.06.16-07.38.32:426][  0]LogTargetPlatformManager: Display: Loaded TargetPlatform 'WindowsNoEditor'
[2020.06.16-07.38.32:482][  0]LogTargetPlatformManager: Display: Loaded TargetPlatform 'Windows'
[2020.06.16-07.38.32:540][  0]LogTargetPlatformManager: Display: Loaded TargetPlatform 'WindowsClient'
[2020.06.16-07.38.32:629][  0]LogTargetPlatformManager: Display: Loaded TargetPlatform 'WindowsServer'
[2020.06.16-07.38.32:629][  0]LogTargetPlatformManager: Display: Building Assets For Windows
[2020.06.16-07.38.33:045][  0]LogAudioDebug: Display: Lib vorbis DLL was dynamically loaded.
[2020.06.16-07.38.34:408][  0]LogShaderCompilers: Guid format shader working directory is 15 characters bigger than the processId version (../../../../OsmoseSansPersistence/Intermediate/Shaders/WorkingDirectory/3128/).
[2020.06.16-07.38.34:408][  0]LogShaderCompilers: Cleaned the shader compiler working directory 'C:/Users/nicolas/AppData/Local/Temp/UnrealShaderWorkingDir/DD85D76A4E47ED5E1E0C47A5B0C8BF2A/'.
[2020.06.16-07.38.34:409][  0]LogXGEController: Cleaning working directory: C:/Users/nicolas/AppData/Local/Temp/UnrealXGEWorkingDir/
[2020.06.16-07.38.34:410][  0]LogXGEController: Cannot use XGE Controller as Incredibuild is not installed on this machine.
[2020.06.16-07.38.34:410][  0]LogShaderCompilers: Cannot use XGE Shader Compiler as Incredibuild is not installed on this machine.
[2020.06.16-07.38.34:410][  0]LogShaderCompilers: Display: Using Local Shader Compiler.
[2020.06.16-07.38.40:302][  0]LogDerivedDataCache: Display: Max Cache Size: 512 MB
[2020.06.16-07.38.40:426][  0]LogDerivedDataCache: Loaded boot cache 0.12s 80MB C:/Users/nicolas/AppData/Local/UnrealEngine/4.24/DerivedDataCache/Boot.ddc.
[2020.06.16-07.38.40:426][  0]LogDerivedDataCache: Display: Loaded Boot cache: C:/Users/nicolas/AppData/Local/UnrealEngine/4.24/DerivedDataCache/Boot.ddc
[2020.06.16-07.38.40:426][  0]LogDerivedDataCache: FDerivedDataBackendGraph:  Pak pak cache file ../../../../OsmoseSansPersistence/DerivedDataCache/DDC.ddp not found, will not use a pak cache.
[2020.06.16-07.38.40:426][  0]LogDerivedDataCache: Unable to find inner node Pak for hierarchical cache Hierarchy.
[2020.06.16-07.38.40:426][  0]LogDerivedDataCache: FDerivedDataBackendGraph:  CompressedPak pak cache file ../../../../OsmoseSansPersistence/DerivedDataCache/Compressed.ddp not found, will not use a pak cache.
[2020.06.16-07.38.40:426][  0]LogDerivedDataCache: Unable to find inner node CompressedPak for hierarchical cache Hierarchy.
[2020.06.16-07.38.40:524][  0]LogDerivedDataCache: Display: Pak cache opened for reading ../../../Engine/DerivedDataCache/Compressed.ddp.
[2020.06.16-07.38.40:524][  0]LogDerivedDataCache: FDerivedDataBackendGraph:  EnterprisePak pak cache file ../../../Enterprise/DerivedDataCache/Compressed.ddp not found, will not use a pak cache.
[2020.06.16-07.38.40:524][  0]LogDerivedDataCache: Unable to find inner node EnterprisePak for hierarchical cache Hierarchy.
[2020.06.16-07.38.40:526][  0]LogDerivedDataCache: Using Local data cache path C:/Users/nicolas/AppData/Local/UnrealEngine/Common/DerivedDataCache: Writable
[2020.06.16-07.38.40:526][  0]LogDerivedDataCache: Shared data cache path not found in *engine.ini, will not use an Shared cache.
[2020.06.16-07.38.40:526][  0]LogDerivedDataCache: Unable to find inner node Shared for hierarchical cache Hierarchy.
[2020.06.16-07.38.40:672][  0]LogMaterial: Verifying Global Shaders for PCD3D_SM5
[2020.06.16-07.38.40:776][  0]LogSlate: Using FreeType 2.10.0
[2020.06.16-07.38.40:963][  0]LogSlate: SlateFontServices - WITH_FREETYPE: 1, WITH_HARFBUZZ: 1
[2020.06.16-07.38.41:645][  0]LogAssetRegistry: FAssetRegistry took 0.0057 seconds to start up
[2020.06.16-07.38.48:686][  0]LogInit: Selected Device Profile: [Windows]
[2020.06.16-07.38.53:991][  0]LogMeshReduction: Using QuadricMeshReduction for automatic static mesh reduction
[2020.06.16-07.38.53:991][  0]LogMeshReduction: Using SimplygonMeshReduction for automatic skeletal mesh reduction
[2020.06.16-07.38.53:991][  0]LogMeshReduction: Using ProxyLODMeshReduction for automatic mesh merging
[2020.06.16-07.38.53:991][  0]LogMeshReduction: No distributed automatic mesh merging module available
[2020.06.16-07.38.53:991][  0]LogMeshMerging: No distributed automatic mesh merging module available
[2020.06.16-07.38.55:134][  0]LogNetVersion: Osmose 1.0.0, NetCL: 10570792, EngineNetVer: 13, GameNetVer: 0 (Checksum: 389872372)
[2020.06.16-07.39.14:423][  0]LogPackageLocalizationCache: Processed 14 localized package path(s) for 1 prioritized culture(s) in 0.137777 seconds
[2020.06.16-07.39.14:442][  0]LogUObjectArray: 46135 objects as part of root set at end of initial load.
[2020.06.16-07.39.14:443][  0]LogUObjectAllocator: 8038088 out of 0 bytes used by permanent object pool.
[2020.06.16-07.39.14:443][  0]LogUObjectArray: CloseDisregardForGC: 0/0 objects in disregard for GC pool
[2020.06.16-07.39.24:647][  0]LogTcpMessaging: Initializing TcpMessaging bridge
[2020.06.16-07.39.24:749][  0]LogUdpMessaging: Initializing bridge on interface 0.0.0.0:0 to multicast group 230.0.0.1:6666.
[2020.06.16-07.39.26:163][  0]SourceControl: Source control is disabled
[2020.06.16-07.39.26:194][  0]SourceControl: Source control is disabled
[2020.06.16-07.39.26:468][  0]SourceControl: Source control is disabled
[2020.06.16-07.39.26:620][  0]SourceControl: Source control is disabled
[2020.06.16-07.39.26:667][  0]SourceControl: Source control is disabled
[2020.06.16-07.39.31:530][  0]LogAndroidPermission: UAndroidPermissionCallbackProxy::GetInstance
[2020.06.16-07.39.31:865][  0]LogAudioCaptureCore: Display: No Audio Capture implementations found. Audio input will be silent.
[2020.06.16-07.39.31:865][  0]LogAudioCaptureCore: Display: No Audio Capture implementations found. Audio input will be silent.
[2020.06.16-07.39.34:088][  0]LogEngine: Initializing Engine...
[2020.06.16-07.39.34:213][  0]LogStats: UGameplayTagsManager::InitializeManager -  0.001 s
[2020.06.16-07.39.34:630][  0]LogInit: Initializing FReadOnlyCVARCache
[2020.06.16-07.39.35:328][  0]LogAIModule: Creating AISystem for world Untitled
[2020.06.16-07.39.35:588][  0]LogAudioMixer: Display: Audio Mixer Platform Settings:
[2020.06.16-07.39.35:588][  0]LogAudioMixer: Display: 	Sample Rate:						  48000
[2020.06.16-07.39.35:588][  0]LogAudioMixer: Display: 	Callback Buffer Frame Size Requested: 1024
[2020.06.16-07.39.35:589][  0]LogAudioMixer: Display: 	Callback Buffer Frame Size To Use:	  1024
[2020.06.16-07.39.35:589][  0]LogAudioMixer: Display: 	Number of buffers to queue:			  2
[2020.06.16-07.39.35:589][  0]LogAudioMixer: Display: 	Max Channels (voices):				  32
[2020.06.16-07.39.35:589][  0]LogAudioMixer: Display: 	Number of Async Source Workers:		  0
[2020.06.16-07.39.35:589][  0]LogAudio: Display: AudioDevice MaxSources: 32
[2020.06.16-07.39.35:597][  0]LogAudio: Display: Using built-in audio occlusion.
[2020.06.16-07.39.35:597][  0]LogAudioMixer: Display: Initializing audio mixer.
[2020.06.16-07.39.35:714][  0]LogAudioMixer: Display: Audio Device Output Speaker Info:
[2020.06.16-07.39.35:714][  0]LogAudioMixer: Display: Name: Haut-parleurs (Realtek High Definition Audio)
[2020.06.16-07.39.35:714][  0]LogAudioMixer: Display: Is Default: Yes
[2020.06.16-07.39.35:714][  0]LogAudioMixer: Display: Sample Rate: 48000
[2020.06.16-07.39.35:714][  0]LogAudioMixer: Display: Channel Count Used: 2
[2020.06.16-07.39.35:714][  0]LogAudioMixer: Display: Device Channel Count: 2
[2020.06.16-07.39.35:714][  0]LogAudioMixer: Display: Channel Order:
[2020.06.16-07.39.35:714][  0]LogAudioMixer: Display: 0: FrontLeft
[2020.06.16-07.39.35:714][  0]LogAudioMixer: Display: 1: FrontRight
[2020.06.16-07.39.35:857][  0]LogAudioMixer: Display: Using Audio Device Haut-parleurs (Realtek High Definition Audio)
[2020.06.16-07.39.35:884][  0]LogInit: FAudioDevice initialized.
[2020.06.16-07.39.35:884][  0]LogNetVersion: Set ProjectVersion to 1.0.0.0. Version Checksum will be recalculated on next use.
[2020.06.16-07.39.35:952][  0]LogDerivedDataCache: Saved boot cache 0.07s 80MB C:/Users/nicolas/AppData/Local/UnrealEngine/4.24/DerivedDataCache/Boot.ddc.
[2020.06.16-07.39.35:959][  0]LogInit: Texture streaming: Enabled
[2020.06.16-07.39.36:363][  0]LogEngineSessionManager: EngineSessionManager initialized
[2020.06.16-07.39.36:363][  0]LogEditorSessionSummary: Verbose: Initializing EditorSessionSummaryWriter for editor session tracking
[2020.06.16-07.39.36:365][  0]LogEditorSessionSummary: EditorSessionSummaryWriter initialized
[2020.06.16-07.39.37:496][  0]LogInit: Transaction tracking system initialized
[2020.06.16-07.39.38:569][  0]BlueprintLog: New page: Editor Load
[2020.06.16-07.39.43:475][  0]LocalizationService: Localization service is disabled
[2020.06.16-07.39.52:207][  0]LogFileCache: Scanning file cache for directory 'D:/OsmoseSansPersistence/Content/' took 0.11s
[2020.06.16-07.39.52:207][  0]LogCook: Display: Max memory allowance for cook 16384mb min free memory 0mb
[2020.06.16-07.39.52:207][  0]LogCook: Display: Mobile HDR setting 1
[2020.06.16-07.40.02:405][  0]SourceControl: Source control is disabled
[2020.06.16-07.40.02:503][  0]Cmd: MAP LOAD FILE="../../../../OsmoseSansPersistence/Content/_Osmose/Maps/ThirdPersonExampleMap.umap" TEMPLATE=0 SHOWPROGRESS=1 FEATURELEVEL=3
[2020.06.16-07.40.02:522][  0]LightingResults: New page: Lighting Build
[2020.06.16-07.40.02:699][  0]LogWorld: UWorld::CleanupWorld for Untitled, bSessionEnded=true, bCleanupResources=true
[2020.06.16-07.40.02:801][  0]LogSlate: InvalidateAllWidgets triggered.  All widgets were invalidated
[2020.06.16-07.40.02:820][  0]MapCheck: New page: Map Check
[2020.06.16-07.40.02:820][  0]LightingResults: New page: Lighting Build
[2020.06.16-07.40.03:283][  0]LogUObjectHash: Compacting FUObjectHashTables data took   2.20ms
[2020.06.16-07.40.15:631][  0]LogTemp: Display: Loading shader for Niagara script NiagaraScript /Game/_Osmose/VFX/NS_SplineWind.NS_SplineWind:OldSchool_spawner001_6.GPUComputeScript from DDC failed. Shader needs recompile.
[2020.06.16-07.40.16:000][  0]LogNiagaraEditor: Verbose: '/Game/_Osmose/VFX/NS_SplineWind' Precompile took 0.317458 sec.
[2020.06.16-07.40.17:245][  0]LogAIModule: Creating AISystem for world ThirdPersonExampleMap
[2020.06.16-07.40.18:035][  0]LogPhysics: Warning: Scale for /Game/_Osmose/Maps/ThirdPersonExampleMap.ThirdPersonExampleMap:PersistentLevel.Plant2.Leaf has a component set to zero, which will result in a bad body instance. Scale:X=0.000 Y=0.000 Z=0.000
[2020.06.16-07.40.18:035][  0]LogPhysics: Warning: Initialising Body : Scale3D is (nearly) zero: Component: '/Game/_Osmose/Maps/ThirdPersonExampleMap.ThirdPersonExampleMap:PersistentLevel.Plant2.Leaf' 
[2020.06.16-07.40.18:035][  0]LogPhysics: Warning: Scale for /Game/_Osmose/Maps/ThirdPersonExampleMap.ThirdPersonExampleMap:PersistentLevel.Plant2.Leaf1 has a component set to zero, which will result in a bad body instance. Scale:X=0.000 Y=0.000 Z=0.000
[2020.06.16-07.40.18:035][  0]LogPhysics: Warning: Initialising Body : Scale3D is (nearly) zero: Component: '/Game/_Osmose/Maps/ThirdPersonExampleMap.ThirdPersonExampleMap:PersistentLevel.Plant2.Leaf1' 
[2020.06.16-07.40.18:036][  0]LogPhysics: Warning: Scale for /Game/_Osmose/Maps/ThirdPersonExampleMap.ThirdPersonExampleMap:PersistentLevel.Plant_2.Leaf has a component set to zero, which will result in a bad body instance. Scale:X=0.000 Y=0.000 Z=0.000
[2020.06.16-07.40.18:036][  0]LogPhysics: Warning: Initialising Body : Scale3D is (nearly) zero: Component: '/Game/_Osmose/Maps/ThirdPersonExampleMap.ThirdPersonExampleMap:PersistentLevel.Plant_2.Leaf' 
[2020.06.16-07.40.18:036][  0]LogPhysics: Warning: Scale for /Game/_Osmose/Maps/ThirdPersonExampleMap.ThirdPersonExampleMap:PersistentLevel.Plant_2.Leaf1 has a component set to zero, which will result in a bad body instance. Scale:X=0.000 Y=0.000 Z=0.000
[2020.06.16-07.40.18:036][  0]LogPhysics: Warning: Initialising Body : Scale3D is (nearly) zero: Component: '/Game/_Osmose/Maps/ThirdPersonExampleMap.ThirdPersonExampleMap:PersistentLevel.Plant_2.Leaf1' 
[2020.06.16-07.40.18:608][  0]LogPhysics: Warning: Scale for /Game/_Osmose/Maps/ThirdPersonExampleMap.ThirdPersonExampleMap:PersistentLevel.Plant2.Leaf has a component set to zero, which will result in a bad body instance. Scale:X=0.000 Y=0.000 Z=0.000
[2020.06.16-07.40.18:608][  0]LogPhysics: Warning: Initialising Body : Scale3D is (nearly) zero: Component: '/Game/_Osmose/Maps/ThirdPersonExampleMap.ThirdPersonExampleMap:PersistentLevel.Plant2.Leaf' 
[2020.06.16-07.40.18:608][  0]LogPhysics: Warning: Scale for /Game/_Osmose/Maps/ThirdPersonExampleMap.ThirdPersonExampleMap:PersistentLevel.Plant2.Leaf has a component set to zero, which will result in a bad body instance. Scale:X=0.000 Y=0.000 Z=0.000
[2020.06.16-07.40.18:608][  0]LogPhysics: Warning: Initialising Body : Scale3D is (nearly) zero: Component: '/Game/_Osmose/Maps/ThirdPersonExampleMap.ThirdPersonExampleMap:PersistentLevel.Plant2.Leaf' 
[2020.06.16-07.40.18:608][  0]LogPhysics: Warning: Scale for /Game/_Osmose/Maps/ThirdPersonExampleMap.ThirdPersonExampleMap:PersistentLevel.Plant2.Leaf1 has a component set to zero, which will result in a bad body instance. Scale:X=0.000 Y=0.000 Z=0.000
[2020.06.16-07.40.18:608][  0]LogPhysics: Warning: Initialising Body : Scale3D is (nearly) zero: Component: '/Game/_Osmose/Maps/ThirdPersonExampleMap.ThirdPersonExampleMap:PersistentLevel.Plant2.Leaf1' 
[2020.06.16-07.40.18:608][  0]LogPhysics: Warning: Scale for /Game/_Osmose/Maps/ThirdPersonExampleMap.ThirdPersonExampleMap:PersistentLevel.Plant2.Leaf1 has a component set to zero, which will result in a bad body instance. Scale:X=0.000 Y=0.000 Z=0.000
[2020.06.16-07.40.18:608][  0]LogPhysics: Warning: Initialising Body : Scale3D is (nearly) zero: Component: '/Game/_Osmose/Maps/ThirdPersonExampleMap.ThirdPersonExampleMap:PersistentLevel.Plant2.Leaf1' 
[2020.06.16-07.40.18:609][  0]LogPhysics: Warning: Scale for /Game/_Osmose/Maps/ThirdPersonExampleMap.ThirdPersonExampleMap:PersistentLevel.Plant_2.Leaf has a component set to zero, which will result in a bad body instance. Scale:X=0.000 Y=0.000 Z=0.000
[2020.06.16-07.40.18:609][  0]LogPhysics: Warning: Initialising Body : Scale3D is (nearly) zero: Component: '/Game/_Osmose/Maps/ThirdPersonExampleMap.ThirdPersonExampleMap:PersistentLevel.Plant_2.Leaf' 
[2020.06.16-07.40.18:610][  0]LogPhysics: Warning: Scale for /Game/_Osmose/Maps/ThirdPersonExampleMap.ThirdPersonExampleMap:PersistentLevel.Plant_2.Leaf has a component set to zero, which will result in a bad body instance. Scale:X=0.000 Y=0.000 Z=0.000
[2020.06.16-07.40.18:610][  0]LogPhysics: Warning: Initialising Body : Scale3D is (nearly) zero: Component: '/Game/_Osmose/Maps/ThirdPersonExampleMap.ThirdPersonExampleMap:PersistentLevel.Plant_2.Leaf' 
[2020.06.16-07.40.18:610][  0]LogPhysics: Warning: Scale for /Game/_Osmose/Maps/ThirdPersonExampleMap.ThirdPersonExampleMap:PersistentLevel.Plant_2.Leaf1 has a component set to zero, which will result in a bad body instance. Scale:X=0.000 Y=0.000 Z=0.000
[2020.06.16-07.40.18:610][  0]LogPhysics: Warning: Initialising Body : Scale3D is (nearly) zero: Component: '/Game/_Osmose/Maps/ThirdPersonExampleMap.ThirdPersonExampleMap:PersistentLevel.Plant_2.Leaf1' 
[2020.06.16-07.40.18:610][  0]LogPhysics: Warning: Scale for /Game/_Osmose/Maps/ThirdPersonExampleMap.ThirdPersonExampleMap:PersistentLevel.Plant_2.Leaf1 has a component set to zero, which will result in a bad body instance. Scale:X=0.000 Y=0.000 Z=0.000
[2020.06.16-07.40.18:610][  0]LogPhysics: Warning: Initialising Body : Scale3D is (nearly) zero: Component: '/Game/_Osmose/Maps/ThirdPersonExampleMap.ThirdPersonExampleMap:PersistentLevel.Plant_2.Leaf1' 
[2020.06.16-07.40.18:955][  0]LogEditorServer: Finished looking for orphan Actors (0.000 secs)
[2020.06.16-07.40.19:305][  0]LogUObjectHash: Compacting FUObjectHashTables data took   3.60ms
[2020.06.16-07.40.19:306][  0]Cmd: MAP CHECKDEP NOCLEARLOG
[2020.06.16-07.40.19:322][  0]MapCheck: Map check complete: 0 Error(s), 0 Warning(s), took 15,642ms to complete.
[2020.06.16-07.40.19:322][  0]LogFileHelpers: Loading map 'ThirdPersonExampleMap' took 16.864
[2020.06.16-07.40.22:730][  0]LogSlate: Updating window title bar state: overlay mode, drag disabled, window buttons hidden, title bar hidden
[2020.06.16-07.40.22:793][  0]LogSlate: Updating window title bar state: overlay mode, drag disabled, window buttons hidden, title bar hidden
[2020.06.16-07.40.22:806][  0]LogSlate: Updating window title bar state: overlay mode, drag disabled, window buttons hidden, title bar hidden
[2020.06.16-07.40.22:817][  0]LogSlate: Updating window title bar state: overlay mode, drag disabled, window buttons hidden, title bar hidden
[2020.06.16-07.40.23:196][  0]LogCollectionManager: Loaded 0 collections in 0.000964 seconds
[2020.06.16-07.40.23:618][  0]LogFileCache: Scanning file cache for directory 'D:/OsmoseSansPersistence/Saved/Collections/' took 0.00s
[2020.06.16-07.40.23:618][  0]LogFileCache: Scanning file cache for directory 'D:/OsmoseSansPersistence/Content/Developers/nicolas/Collections/' took 0.00s
[2020.06.16-07.40.23:618][  0]LogFileCache: Scanning file cache for directory 'D:/OsmoseSansPersistence/Content/Collections/' took 0.00s
[2020.06.16-07.40.23:618][  0]LogContentBrowser: Native class hierarchy populated in 0.0100 seconds. Added 3159 classes and 740 folders.
[2020.06.16-07.40.23:805][  0]LogContentBrowser: Native class hierarchy updated for 'WidgetCarousel' in 0.0003 seconds. Added 0 classes and 0 folders.
[2020.06.16-07.40.27:658][  0]LogContentBrowser: Native class hierarchy updated for 'AddContentDialog' in 0.0003 seconds. Added 0 classes and 0 folders.
[2020.06.16-07.40.27:910][  0]LogContentBrowser: Native class hierarchy updated for 'SceneOutliner' in 0.0005 seconds. Added 2 classes and 3 folders.
[2020.06.16-07.40.30:544][  0]LogContentBrowser: Native class hierarchy updated for 'HierarchicalLODOutliner' in 0.0004 seconds. Added 0 classes and 0 folders.
[2020.06.16-07.40.30:544][  0]LogLoad: (Engine Initialization) Total time: 170.89 seconds
[2020.06.16-07.40.30:544][  0]LogLoad: (Engine Initialization) Total Blueprint compile time: 0.00 seconds
[2020.06.16-07.40.30:621][  0]LogNiagaraEditor: GPU shader compile skipped. Id 1
[2020.06.16-07.40.30:755][  0]LogContentStreaming: Texture pool size now 400 MB
[2020.06.16-07.40.30:995][  0]LogSlate: Took 0.127876 seconds to synchronously load lazily loaded font '../../../Engine/Content/Slate/Fonts/Roboto-Regular.ttf' (155K)
[2020.06.16-07.40.31:163][  0]LogSlate: Took 0.142531 seconds to synchronously load lazily loaded font '../../../Engine/Content/Slate/Fonts/Roboto-Bold.ttf' (160K)
[2020.06.16-07.40.31:232][  0]LogSlate: Took 0.030330 seconds to synchronously load lazily loaded font '../../../Engine/Content/Editor/Slate/Fonts/FontAwesome.ttf' (139K)
[2020.06.16-07.40.31:370][  0]LogSlate: Took 0.117614 seconds to synchronously load lazily loaded font '../../../Engine/Content/Slate/Fonts/DroidSansFallback.ttf' (3848K)
[2020.06.16-07.40.31:949][  0]LogRenderer: Reallocating scene render targets to support 1172x360 Format 10 NumSamples 1 (Frame:1).
[2020.06.16-07.40.32:470][  1]LogFileCache: Retrieving MD5 hashes for directory 'D:/OsmoseSansPersistence/Content/' took 1.85s
[2020.06.16-07.40.32:941][  2]LogSlate: Took 0.025916 seconds to synchronously load lazily loaded font '../../../Engine/Content/Slate/Fonts/Roboto-Light.ttf' (167K)
[2020.06.16-07.40.34:398][ 84]LogRenderer: Reallocating scene render targets to support 1180x576 Format 10 NumSamples 1 (Frame:84).
[2020.06.16-07.40.46:735][150]LogEditorViewport: Clicking on Actor (LMB): BIGBOICharacter_C (BIGBOICharacter)
[2020.06.16-07.40.49:923][151]LogAssetRegistry: Asset discovery search completed in 128.2793 seconds
[2020.06.16-07.40.49:933][151]LogCollectionManager: Fixed up redirectors for 0 collections in 0.000020 seconds (updated 0 objects)
[2020.06.16-07.40.52:889][319]LogSlate: Took 0.000114 seconds to synchronously load lazily loaded font '../../../Engine/Content/Slate/Fonts/Roboto-Light.ttf' (167K)
[2020.06.16-07.40.52:907][319]LogAssetEditorSubsystem: Opening Asset editor for Blueprint /Game/_Osmose/BP_Class/Possessables/BIGBOICharacter.BIGBOICharacter
[2020.06.16-07.40.53:863][319]LogContentBrowser: Native class hierarchy updated for 'BlueprintGraph' in 0.0008 seconds. Added 121 classes and 0 folders.
[2020.06.16-07.40.56:521][319]LogSlate: Took 0.013342 seconds to synchronously load lazily loaded font '../../../Engine/Content/Slate/Fonts/Roboto-BoldCondensed.ttf' (158K)
[2020.06.16-07.40.57:285][320]LogSlate: Took 0.010491 seconds to synchronously load lazily loaded font '../../../Engine/Content/Slate/Fonts/Roboto-Italic.ttf' (157K)
[2020.06.16-07.41.32:829][760]LogTemp: Repeating last play command: Selected Viewport
[2020.06.16-07.41.32:874][760]LogBlueprintUserMessages: Early PlayInEditor Detection: Level '/Game/_Osmose/Maps/ThirdPersonExampleMap.ThirdPersonExampleMap:PersistentLevel' has LevelScriptBlueprint '/Game/_Osmose/Maps/ThirdPersonExampleMap.ThirdPersonExampleMap:PersistentLevel.ThirdPersonExampleMap' with GeneratedClass '/Game/_Osmose/Maps/ThirdPersonExampleMap.ThirdPersonExampleMap_C' with ClassGeneratedBy '/Game/_Osmose/Maps/ThirdPersonExampleMap.ThirdPersonExampleMap:PersistentLevel.ThirdPersonExampleMap'
[2020.06.16-07.41.32:874][760]BlueprintLog: New page: Pre-Play auto-recompile
[2020.06.16-07.41.32:901][760]LogPlayLevel: [PlayLevel] Compiling BIGBOICharacter before play...
[2020.06.16-07.41.33:774][760]LogUObjectHash: Compacting FUObjectHashTables data took   4.24ms
[2020.06.16-07.41.33:778][760]LogPlayLevel: PlayLevel: Blueprint regeneration took 903 ms (1 blueprints)
[2020.06.16-07.41.33:836][760]PIE: New page: PIE session: ThirdPersonExampleMap (16 juin 2020 à 11:41:33)
[2020.06.16-07.41.33:903][760]LogOnline: OSS: Creating online subsystem instance for: NULL
[2020.06.16-07.41.33:904][760]LogOnline: OSS: TryLoadSubsystemAndSetDefault: Loaded subsystem for module [NULL]
[2020.06.16-07.41.33:905][760]LogPlayLevel: Creating play world package: /Game/_Osmose/Maps/UEDPIE_0_ThirdPersonExampleMap
[2020.06.16-07.41.33:941][760]LogPlayLevel: PIE: StaticDuplicateObject took: (0.035754s)
[2020.06.16-07.41.33:955][760]LogAIModule: Creating AISystem for world ThirdPersonExampleMap
[2020.06.16-07.41.33:955][760]LogPlayLevel: PIE: World Init took: (0.014440s)
[2020.06.16-07.41.33:956][760]LogPlayLevel: PIE: Created PIE world by copying editor world from /Game/_Osmose/Maps/ThirdPersonExampleMap.ThirdPersonExampleMap to /Game/_Osmose/Maps/UEDPIE_0_ThirdPersonExampleMap.ThirdPersonExampleMap (0.050486s)
[2020.06.16-07.41.34:001][760]LogUObjectHash: Compacting FUObjectHashTables data took   3.77ms
[2020.06.16-07.41.34:003][760]LogAudioMixer: Display: Audio Mixer Platform Settings:
[2020.06.16-07.41.34:003][760]LogAudioMixer: Display: 	Sample Rate:						  48000
[2020.06.16-07.41.34:003][760]LogAudioMixer: Display: 	Callback Buffer Frame Size Requested: 1024
[2020.06.16-07.41.34:003][760]LogAudioMixer: Display: 	Callback Buffer Frame Size To Use:	  1024
[2020.06.16-07.41.34:003][760]LogAudioMixer: Display: 	Number of buffers to queue:			  2
[2020.06.16-07.41.34:003][760]LogAudioMixer: Display: 	Max Channels (voices):				  32
[2020.06.16-07.41.34:003][760]LogAudioMixer: Display: 	Number of Async Source Workers:		  0
[2020.06.16-07.41.34:003][760]LogAudio: Display: AudioDevice MaxSources: 32
[2020.06.16-07.41.34:004][760]LogAudio: Display: Using built-in audio occlusion.
[2020.06.16-07.41.34:004][760]LogAudioMixer: Display: Initializing audio mixer.
[2020.06.16-07.41.34:034][760]LogAudioMixer: Display: Audio Device Output Speaker Info:
[2020.06.16-07.41.34:034][760]LogAudioMixer: Display: Name: Haut-parleurs (Realtek High Definition Audio)
[2020.06.16-07.41.34:034][760]LogAudioMixer: Display: Is Default: Yes
[2020.06.16-07.41.34:034][760]LogAudioMixer: Display: Sample Rate: 48000
[2020.06.16-07.41.34:034][760]LogAudioMixer: Display: Channel Count Used: 2
[2020.06.16-07.41.34:034][760]LogAudioMixer: Display: Device Channel Count: 2
[2020.06.16-07.41.34:034][760]LogAudioMixer: Display: Channel Order:
[2020.06.16-07.41.34:034][760]LogAudioMixer: Display: 0: FrontLeft
[2020.06.16-07.41.34:034][760]LogAudioMixer: Display: 1: FrontRight
[2020.06.16-07.41.34:052][760]LogAudioMixer: Display: Using Audio Device Haut-parleurs (Realtek High Definition Audio)
[2020.06.16-07.41.34:053][760]LogInit: FAudioDevice initialized.
[2020.06.16-07.41.34:075][760]LogLoad: Game class is 'PossessGameMode_C'
[2020.06.16-07.41.34:092][760]LogPhysics: Warning: Scale for /Game/_Osmose/Maps/UEDPIE_0_ThirdPersonExampleMap.ThirdPersonExampleMap:PersistentLevel.Plant2.Leaf has a component set to zero, which will result in a bad body instance. Scale:X=0.000 Y=0.000 Z=0.000
[2020.06.16-07.41.34:092][760]LogPhysics: Warning: Initialising Body : Scale3D is (nearly) zero: Component: '/Game/_Osmose/Maps/UEDPIE_0_ThirdPersonExampleMap.ThirdPersonExampleMap:PersistentLevel.Plant2.Leaf' 
[2020.06.16-07.41.34:092][760]LogPhysics: Warning: Scale for /Game/_Osmose/Maps/UEDPIE_0_ThirdPersonExampleMap.ThirdPersonExampleMap:PersistentLevel.Plant2.Leaf1 has a component set to zero, which will result in a bad body instance. Scale:X=0.000 Y=0.000 Z=0.000
[2020.06.16-07.41.34:092][760]LogPhysics: Warning: Initialising Body : Scale3D is (nearly) zero: Component: '/Game/_Osmose/Maps/UEDPIE_0_ThirdPersonExampleMap.ThirdPersonExampleMap:PersistentLevel.Plant2.Leaf1' 
[2020.06.16-07.41.34:092][760]LogPhysics: Warning: Scale for /Game/_Osmose/Maps/UEDPIE_0_ThirdPersonExampleMap.ThirdPersonExampleMap:PersistentLevel.Plant_2.Leaf has a component set to zero, which will result in a bad body instance. Scale:X=0.000 Y=0.000 Z=0.000
[2020.06.16-07.41.34:092][760]LogPhysics: Warning: Initialising Body : Scale3D is (nearly) zero: Component: '/Game/_Osmose/Maps/UEDPIE_0_ThirdPersonExampleMap.ThirdPersonExampleMap:PersistentLevel.Plant_2.Leaf' 
[2020.06.16-07.41.34:092][760]LogPhysics: Warning: Scale for /Game/_Osmose/Maps/UEDPIE_0_ThirdPersonExampleMap.ThirdPersonExampleMap:PersistentLevel.Plant_2.Leaf1 has a component set to zero, which will result in a bad body instance. Scale:X=0.000 Y=0.000 Z=0.000
[2020.06.16-07.41.34:092][760]LogPhysics: Warning: Initialising Body : Scale3D is (nearly) zero: Component: '/Game/_Osmose/Maps/UEDPIE_0_ThirdPersonExampleMap.ThirdPersonExampleMap:PersistentLevel.Plant_2.Leaf1' 
[2020.06.16-07.41.34:096][760]LogWorld: Bringing World /Game/_Osmose/Maps/UEDPIE_0_ThirdPersonExampleMap.ThirdPersonExampleMap up for play (max tick rate 0) at 2020.06.16-09.41.34
[2020.06.16-07.41.34:141][760]LogWorld: Bringing up level for play took: 0.053859
[2020.06.16-07.41.34:142][760]LogOnline: OSS: Creating online subsystem instance for: :Context_4
[2020.06.16-07.41.34:312][760]LogContentBrowser: Native class hierarchy updated for 'MovieSceneCapture' in 0.0003 seconds. Added 20 classes and 0 folders.
[2020.06.16-07.41.34:526][760]PIE: Play in editor start time for /Game/_Osmose/Maps/UEDPIE_0_ThirdPersonExampleMap 1,466
[2020.06.16-07.41.34:526][760]LogBlueprintUserMessages: Late PlayInEditor Detection: Level '/Game/_Osmose/Maps/ThirdPersonExampleMap.ThirdPersonExampleMap:PersistentLevel' has LevelScriptBlueprint '/Game/_Osmose/Maps/ThirdPersonExampleMap.ThirdPersonExampleMap:PersistentLevel.ThirdPersonExampleMap' with GeneratedClass '/Game/_Osmose/Maps/ThirdPersonExampleMap.ThirdPersonExampleMap_C' with ClassGeneratedBy '/Game/_Osmose/Maps/ThirdPersonExampleMap.ThirdPersonExampleMap:PersistentLevel.ThirdPersonExampleMap'
[2020.06.16-07.41.34:596][760]LogAudio: Warning: Detected orphaned looping sound 'IleEau4'.
[2020.06.16-07.41.34:920][761]LogAudioMixer: Display: Audio Buffer Underrun detected.
[2020.06.16-07.41.35:372][761]LogBlueprintUserMessages: [WindLaneAdvanced_97] braseroend
[2020.06.16-07.41.41:284][ 77]LogAudioMixer: Display: No commands were queued while flushing the source manager.
[2020.06.16-07.41.41:287][ 77]LogAudioMixer: Display: Flush succeeded in the source manager command queue (1).
[2020.06.16-07.41.41:307][ 77]LogAudioMixer: Display: Flush succeeded the source manager command queue (2).
[2020.06.16-07.41.41:307][ 77]LogBlueprintUserMessages: Early EndPlayMap Detection: Level '/Game/_Osmose/Maps/ThirdPersonExampleMap.ThirdPersonExampleMap:PersistentLevel' has LevelScriptBlueprint '/Game/_Osmose/Maps/ThirdPersonExampleMap.ThirdPersonExampleMap:PersistentLevel.ThirdPersonExampleMap' with GeneratedClass '/Game/_Osmose/Maps/ThirdPersonExampleMap.ThirdPersonExampleMap_C' with ClassGeneratedBy '/Game/_Osmose/Maps/ThirdPersonExampleMap.ThirdPersonExampleMap:PersistentLevel.ThirdPersonExampleMap'
[2020.06.16-07.41.41:308][ 77]LogSlate: Updating window title bar state: overlay mode, drag disabled, window buttons hidden, title bar hidden
[2020.06.16-07.41.41:308][ 77]LogWorld: BeginTearingDown for /Game/_Osmose/Maps/UEDPIE_0_ThirdPersonExampleMap
[2020.06.16-07.41.41:308][ 77]LogAudioMixer: Display: No commands were queued while flushing the source manager.
[2020.06.16-07.41.41:363][ 77]LogWorld: UWorld::CleanupWorld for ThirdPersonExampleMap, bSessionEnded=true, bCleanupResources=true
[2020.06.16-07.41.41:368][ 77]LogSlate: InvalidateAllWidgets triggered.  All widgets were invalidated
[2020.06.16-07.41.41:396][ 77]LogPlayLevel: Display: Shutting down PIE online subsystems
[2020.06.16-07.41.41:397][ 77]LogBlueprintUserMessages: Late EndPlayMap Detection: Level '/Game/_Osmose/Maps/ThirdPersonExampleMap.ThirdPersonExampleMap:PersistentLevel' has LevelScriptBlueprint '/Game/_Osmose/Maps/ThirdPersonExampleMap.ThirdPersonExampleMap:PersistentLevel.ThirdPersonExampleMap' with GeneratedClass '/Game/_Osmose/Maps/ThirdPersonExampleMap.ThirdPersonExampleMap_C' with ClassGeneratedBy '/Game/_Osmose/Maps/ThirdPersonExampleMap.ThirdPersonExampleMap:PersistentLevel.ThirdPersonExampleMap'
[2020.06.16-07.41.41:412][ 77]LogSlate: InvalidateAllWidgets triggered.  All widgets were invalidated
[2020.06.16-07.41.41:479][ 77]LogAudioMixer: Display: No commands were queued while flushing the source manager.
[2020.06.16-07.41.41:482][ 77]LogSlate: Updating window title bar state: overlay mode, drag disabled, window buttons hidden, title bar hidden
[2020.06.16-07.41.41:554][ 77]LogUObjectHash: Compacting FUObjectHashTables data took   5.64ms
[2020.06.16-07.41.41:794][ 78]LogPlayLevel: Display: Destroying online subsystem :Context_4
[2020.06.16-07.41.55:070][719]LogTemp: Repeating last play command: Selected Viewport
[2020.06.16-07.41.55:110][719]LogBlueprintUserMessages: Early PlayInEditor Detection: Level '/Game/_Osmose/Maps/ThirdPersonExampleMap.ThirdPersonExampleMap:PersistentLevel' has LevelScriptBlueprint '/Game/_Osmose/Maps/ThirdPersonExampleMap.ThirdPersonExampleMap:PersistentLevel.ThirdPersonExampleMap' with GeneratedClass '/Game/_Osmose/Maps/ThirdPersonExampleMap.ThirdPersonExampleMap_C' with ClassGeneratedBy '/Game/_Osmose/Maps/ThirdPersonExampleMap.ThirdPersonExampleMap:PersistentLevel.ThirdPersonExampleMap'
[2020.06.16-07.41.55:110][719]BlueprintLog: New page: Pre-Play auto-recompile
[2020.06.16-07.41.55:121][719]LogPlayLevel: [PlayLevel] Compiling BIGBOICharacter before play...
[2020.06.16-07.41.55:564][719]LogUObjectHash: Compacting FUObjectHashTables data took   7.27ms
[2020.06.16-07.41.55:565][719]LogPlayLevel: PlayLevel: Blueprint regeneration took 454 ms (1 blueprints)
[2020.06.16-07.41.55:565][719]PIE: New page: PIE session: ThirdPersonExampleMap (16 juin 2020 à 11:41:55)
[2020.06.16-07.41.55:567][719]LogPlayLevel: Creating play world package: /Game/_Osmose/Maps/UEDPIE_0_ThirdPersonExampleMap
[2020.06.16-07.41.55:597][719]LogPlayLevel: PIE: StaticDuplicateObject took: (0.029867s)
[2020.06.16-07.41.55:603][719]LogAIModule: Creating AISystem for world ThirdPersonExampleMap
[2020.06.16-07.41.55:603][719]LogPlayLevel: PIE: World Init took: (0.006424s)
[2020.06.16-07.41.55:603][719]LogPlayLevel: PIE: Created PIE world by copying editor world from /Game/_Osmose/Maps/ThirdPersonExampleMap.ThirdPersonExampleMap to /Game/_Osmose/Maps/UEDPIE_0_ThirdPersonExampleMap.ThirdPersonExampleMap (0.036500s)
[2020.06.16-07.41.55:649][719]LogUObjectHash: Compacting FUObjectHashTables data took   3.81ms
[2020.06.16-07.41.55:650][719]LogAudioMixer: Display: Audio Mixer Platform Settings:
[2020.06.16-07.41.55:650][719]LogAudioMixer: Display: 	Sample Rate:						  48000
[2020.06.16-07.41.55:650][719]LogAudioMixer: Display: 	Callback Buffer Frame Size Requested: 1024
[2020.06.16-07.41.55:650][719]LogAudioMixer: Display: 	Callback Buffer Frame Size To Use:	  1024
[2020.06.16-07.41.55:650][719]LogAudioMixer: Display: 	Number of buffers to queue:			  2
[2020.06.16-07.41.55:650][719]LogAudioMixer: Display: 	Max Channels (voices):				  32
[2020.06.16-07.41.55:651][719]LogAudioMixer: Display: 	Number of Async Source Workers:		  0
[2020.06.16-07.41.55:651][719]LogAudio: Display: AudioDevice MaxSources: 32
[2020.06.16-07.41.55:651][719]LogAudio: Display: Using built-in audio occlusion.
[2020.06.16-07.41.55:651][719]LogAudioMixer: Display: Initializing audio mixer.
[2020.06.16-07.41.55:665][719]LogAudioMixer: Display: Audio Device Output Speaker Info:
[2020.06.16-07.41.55:665][719]LogAudioMixer: Display: Name: Haut-parleurs (Realtek High Definition Audio)
[2020.06.16-07.41.55:665][719]LogAudioMixer: Display: Is Default: Yes
[2020.06.16-07.41.55:665][719]LogAudioMixer: Display: Sample Rate: 48000
[2020.06.16-07.41.55:665][719]LogAudioMixer: Display: Channel Count Used: 2
[2020.06.16-07.41.55:665][719]LogAudioMixer: Display: Device Channel Count: 2
[2020.06.16-07.41.55:665][719]LogAudioMixer: Display: Channel Order:
[2020.06.16-07.41.55:665][719]LogAudioMixer: Display: 0: FrontLeft
[2020.06.16-07.41.55:665][719]LogAudioMixer: Display: 1: FrontRight
[2020.06.16-07.41.55:684][719]LogAudioMixer: Display: Using Audio Device Haut-parleurs (Realtek High Definition Audio)
[2020.06.16-07.41.55:687][719]LogInit: FAudioDevice initialized.
[2020.06.16-07.41.55:695][719]LogLoad: Game class is 'PossessGameMode_C'
[2020.06.16-07.41.55:699][719]LogPhysics: Warning: Scale for /Game/_Osmose/Maps/UEDPIE_0_ThirdPersonExampleMap.ThirdPersonExampleMap:PersistentLevel.Plant2.Leaf has a component set to zero, which will result in a bad body instance. Scale:X=0.000 Y=0.000 Z=0.000
[2020.06.16-07.41.55:699][719]LogPhysics: Warning: Initialising Body : Scale3D is (nearly) zero: Component: '/Game/_Osmose/Maps/UEDPIE_0_ThirdPersonExampleMap.ThirdPersonExampleMap:PersistentLevel.Plant2.Leaf' 
[2020.06.16-07.41.55:699][719]LogPhysics: Warning: Scale for /Game/_Osmose/Maps/UEDPIE_0_ThirdPersonExampleMap.ThirdPersonExampleMap:PersistentLevel.Plant2.Leaf1 has a component set to zero, which will result in a bad body instance. Scale:X=0.000 Y=0.000 Z=0.000
[2020.06.16-07.41.55:699][719]LogPhysics: Warning: Initialising Body : Scale3D is (nearly) zero: Component: '/Game/_Osmose/Maps/UEDPIE_0_ThirdPersonExampleMap.ThirdPersonExampleMap:PersistentLevel.Plant2.Leaf1' 
[2020.06.16-07.41.55:699][719]LogPhysics: Warning: Scale for /Game/_Osmose/Maps/UEDPIE_0_ThirdPersonExampleMap.ThirdPersonExampleMap:PersistentLevel.Plant_2.Leaf has a component set to zero, which will result in a bad body instance. Scale:X=0.000 Y=0.000 Z=0.000
[2020.06.16-07.41.55:699][719]LogPhysics: Warning: Initialising Body : Scale3D is (nearly) zero: Component: '/Game/_Osmose/Maps/UEDPIE_0_ThirdPersonExampleMap.ThirdPersonExampleMap:PersistentLevel.Plant_2.Leaf' 
[2020.06.16-07.41.55:700][719]LogPhysics: Warning: Scale for /Game/_Osmose/Maps/UEDPIE_0_ThirdPersonExampleMap.ThirdPersonExampleMap:PersistentLevel.Plant_2.Leaf1 has a component set to zero, which will result in a bad body instance. Scale:X=0.000 Y=0.000 Z=0.000
[2020.06.16-07.41.55:700][719]LogPhysics: Warning: Initialising Body : Scale3D is (nearly) zero: Component: '/Game/_Osmose/Maps/UEDPIE_0_ThirdPersonExampleMap.ThirdPersonExampleMap:PersistentLevel.Plant_2.Leaf1' 
[2020.06.16-07.41.55:702][719]LogWorld: Bringing World /Game/_Osmose/Maps/UEDPIE_0_ThirdPersonExampleMap.ThirdPersonExampleMap up for play (max tick rate 0) at 2020.06.16-09.41.55
[2020.06.16-07.41.55:704][719]LogWorld: Bringing up level for play took: 0.007418
[2020.06.16-07.41.55:704][719]LogOnline: OSS: Creating online subsystem instance for: :Context_5
[2020.06.16-07.41.55:708][719]PIE: Play in editor start time for /Game/_Osmose/Maps/UEDPIE_0_ThirdPersonExampleMap 0,649
[2020.06.16-07.41.55:709][719]LogBlueprintUserMessages: Late PlayInEditor Detection: Level '/Game/_Osmose/Maps/ThirdPersonExampleMap.ThirdPersonExampleMap:PersistentLevel' has LevelScriptBlueprint '/Game/_Osmose/Maps/ThirdPersonExampleMap.ThirdPersonExampleMap:PersistentLevel.ThirdPersonExampleMap' with GeneratedClass '/Game/_Osmose/Maps/ThirdPersonExampleMap.ThirdPersonExampleMap_C' with ClassGeneratedBy '/Game/_Osmose/Maps/ThirdPersonExampleMap.ThirdPersonExampleMap:PersistentLevel.ThirdPersonExampleMap'
[2020.06.16-07.41.55:712][719]LogAudio: Warning: Detected orphaned looping sound 'IleEau4'.
[2020.06.16-07.41.55:878][720]LogBlueprintUserMessages: [WindLaneAdvanced_97] braseroend
[2020.06.16-07.42.02:572][ 89]LogAudioMixer: Display: No commands were queued while flushing the source manager.
[2020.06.16-07.42.02:587][ 89]LogAudioMixer: Display: Flush succeeded in the source manager command queue (1).
[2020.06.16-07.42.02:607][ 89]LogAudioMixer: Display: Flush succeeded the source manager command queue (2).
[2020.06.16-07.42.02:608][ 89]LogBlueprintUserMessages: Early EndPlayMap Detection: Level '/Game/_Osmose/Maps/ThirdPersonExampleMap.ThirdPersonExampleMap:PersistentLevel' has LevelScriptBlueprint '/Game/_Osmose/Maps/ThirdPersonExampleMap.ThirdPersonExampleMap:PersistentLevel.ThirdPersonExampleMap' with GeneratedClass '/Game/_Osmose/Maps/ThirdPersonExampleMap.ThirdPersonExampleMap_C' with ClassGeneratedBy '/Game/_Osmose/Maps/ThirdPersonExampleMap.ThirdPersonExampleMap:PersistentLevel.ThirdPersonExampleMap'
[2020.06.16-07.42.02:608][ 89]LogSlate: Updating window title bar state: overlay mode, drag disabled, window buttons hidden, title bar hidden
[2020.06.16-07.42.02:609][ 89]LogWorld: BeginTearingDown for /Game/_Osmose/Maps/UEDPIE_0_ThirdPersonExampleMap
[2020.06.16-07.42.02:609][ 89]LogAudioMixer: Display: No commands were queued while flushing the source manager.
[2020.06.16-07.42.02:610][ 89]LogWorld: UWorld::CleanupWorld for ThirdPersonExampleMap, bSessionEnded=true, bCleanupResources=true
[2020.06.16-07.42.02:616][ 89]LogSlate: InvalidateAllWidgets triggered.  All widgets were invalidated
[2020.06.16-07.42.02:658][ 89]LogPlayLevel: Display: Shutting down PIE online subsystems
[2020.06.16-07.42.02:658][ 89]LogBlueprintUserMessages: Late EndPlayMap Detection: Level '/Game/_Osmose/Maps/ThirdPersonExampleMap.ThirdPersonExampleMap:PersistentLevel' has LevelScriptBlueprint '/Game/_Osmose/Maps/ThirdPersonExampleMap.ThirdPersonExampleMap:PersistentLevel.ThirdPersonExampleMap' with GeneratedClass '/Game/_Osmose/Maps/ThirdPersonExampleMap.ThirdPersonExampleMap_C' with ClassGeneratedBy '/Game/_Osmose/Maps/ThirdPersonExampleMap.ThirdPersonExampleMap:PersistentLevel.ThirdPersonExampleMap'
[2020.06.16-07.42.02:666][ 89]LogSlate: InvalidateAllWidgets triggered.  All widgets were invalidated
[2020.06.16-07.42.02:708][ 89]LogAudioMixer: Display: No commands were queued while flushing the source manager.
[2020.06.16-07.42.02:713][ 89]LogSlate: Updating window title bar state: overlay mode, drag disabled, window buttons hidden, title bar hidden
[2020.06.16-07.42.02:719][ 89]LogUObjectHash: Compacting FUObjectHashTables data took   3.84ms
[2020.06.16-07.42.02:903][ 90]LogPlayLevel: Display: Destroying online subsystem :Context_5
[2020.06.16-07.42.21:229][ 82]LogTemp: Repeating last play command: Selected Viewport
[2020.06.16-07.42.21:267][ 82]LogBlueprintUserMessages: Early PlayInEditor Detection: Level '/Game/_Osmose/Maps/ThirdPersonExampleMap.ThirdPersonExampleMap:PersistentLevel' has LevelScriptBlueprint '/Game/_Osmose/Maps/ThirdPersonExampleMap.ThirdPersonExampleMap:PersistentLevel.ThirdPersonExampleMap' with GeneratedClass '/Game/_Osmose/Maps/ThirdPersonExampleMap.ThirdPersonExampleMap_C' with ClassGeneratedBy '/Game/_Osmose/Maps/ThirdPersonExampleMap.ThirdPersonExampleMap:PersistentLevel.ThirdPersonExampleMap'
[2020.06.16-07.42.21:267][ 82]BlueprintLog: New page: Pre-Play auto-recompile
[2020.06.16-07.42.21:286][ 82]LogPlayLevel: [PlayLevel] Compiling BIGBOICharacter before play...
[2020.06.16-07.42.21:723][ 82]LogUObjectHash: Compacting FUObjectHashTables data took   8.59ms
[2020.06.16-07.42.21:724][ 82]LogPlayLevel: PlayLevel: Blueprint regeneration took 456 ms (1 blueprints)
[2020.06.16-07.42.21:724][ 82]PIE: New page: PIE session: ThirdPersonExampleMap (16 juin 2020 à 11:42:21)
[2020.06.16-07.42.21:724][ 82]LogPlayLevel: Creating play world package: /Game/_Osmose/Maps/UEDPIE_0_ThirdPersonExampleMap
[2020.06.16-07.42.21:758][ 82]LogPlayLevel: PIE: StaticDuplicateObject took: (0.033685s)
[2020.06.16-07.42.21:760][ 82]LogAIModule: Creating AISystem for world ThirdPersonExampleMap
[2020.06.16-07.42.21:761][ 82]LogPlayLevel: PIE: World Init took: (0.002203s)
[2020.06.16-07.42.21:761][ 82]LogPlayLevel: PIE: Created PIE world by copying editor world from /Game/_Osmose/Maps/ThirdPersonExampleMap.ThirdPersonExampleMap to /Game/_Osmose/Maps/UEDPIE_0_ThirdPersonExampleMap.ThirdPersonExampleMap (0.036213s)
[2020.06.16-07.42.21:809][ 82]LogUObjectHash: Compacting FUObjectHashTables data took   4.56ms
[2020.06.16-07.42.21:811][ 82]LogAudioMixer: Display: Audio Mixer Platform Settings:
[2020.06.16-07.42.21:812][ 82]LogAudioMixer: Display: 	Sample Rate:						  48000
[2020.06.16-07.42.21:812][ 82]LogAudioMixer: Display: 	Callback Buffer Frame Size Requested: 1024
[2020.06.16-07.42.21:812][ 82]LogAudioMixer: Display: 	Callback Buffer Frame Size To Use:	  1024
[2020.06.16-07.42.21:812][ 82]LogAudioMixer: Display: 	Number of buffers to queue:			  2
[2020.06.16-07.42.21:812][ 82]LogAudioMixer: Display: 	Max Channels (voices):				  32
[2020.06.16-07.42.21:812][ 82]LogAudioMixer: Display: 	Number of Async Source Workers:		  0
[2020.06.16-07.42.21:812][ 82]LogAudio: Display: AudioDevice MaxSources: 32
[2020.06.16-07.42.21:812][ 82]LogAudio: Display: Using built-in audio occlusion.
[2020.06.16-07.42.21:812][ 82]LogAudioMixer: Display: Initializing audio mixer.
[2020.06.16-07.42.21:826][ 82]LogAudioMixer: Display: Audio Device Output Speaker Info:
[2020.06.16-07.42.21:826][ 82]LogAudioMixer: Display: Name: Haut-parleurs (Realtek High Definition Audio)
[2020.06.16-07.42.21:826][ 82]LogAudioMixer: Display: Is Default: Yes
[2020.06.16-07.42.21:826][ 82]LogAudioMixer: Display: Sample Rate: 48000
[2020.06.16-07.42.21:826][ 82]LogAudioMixer: Display: Channel Count Used: 2
[2020.06.16-07.42.21:827][ 82]LogAudioMixer: Display: Device Channel Count: 2
[2020.06.16-07.42.21:827][ 82]LogAudioMixer: Display: Channel Order:
[2020.06.16-07.42.21:827][ 82]LogAudioMixer: Display: 0: FrontLeft
[2020.06.16-07.42.21:827][ 82]LogAudioMixer: Display: 1: FrontRight
[2020.06.16-07.42.21:845][ 82]LogAudioMixer: Display: Using Audio Device Haut-parleurs (Realtek High Definition Audio)
[2020.06.16-07.42.21:847][ 82]LogInit: FAudioDevice initialized.
[2020.06.16-07.42.21:862][ 82]LogLoad: Game class is 'PossessGameMode_C'
[2020.06.16-07.42.21:866][ 82]LogPhysics: Warning: Scale for /Game/_Osmose/Maps/UEDPIE_0_ThirdPersonExampleMap.ThirdPersonExampleMap:PersistentLevel.Plant2.Leaf has a component set to zero, which will result in a bad body instance. Scale:X=0.000 Y=0.000 Z=0.000
[2020.06.16-07.42.21:866][ 82]LogPhysics: Warning: Initialising Body : Scale3D is (nearly) zero: Component: '/Game/_Osmose/Maps/UEDPIE_0_ThirdPersonExampleMap.ThirdPersonExampleMap:PersistentLevel.Plant2.Leaf' 
[2020.06.16-07.42.21:866][ 82]LogPhysics: Warning: Scale for /Game/_Osmose/Maps/UEDPIE_0_ThirdPersonExampleMap.ThirdPersonExampleMap:PersistentLevel.Plant2.Leaf1 has a component set to zero, which will result in a bad body instance. Scale:X=0.000 Y=0.000 Z=0.000
[2020.06.16-07.42.21:866][ 82]LogPhysics: Warning: Initialising Body : Scale3D is (nearly) zero: Component: '/Game/_Osmose/Maps/UEDPIE_0_ThirdPersonExampleMap.ThirdPersonExampleMap:PersistentLevel.Plant2.Leaf1' 
[2020.06.16-07.42.21:866][ 82]LogPhysics: Warning: Scale for /Game/_Osmose/Maps/UEDPIE_0_ThirdPersonExampleMap.ThirdPersonExampleMap:PersistentLevel.Plant_2.Leaf has a component set to zero, which will result in a bad body instance. Scale:X=0.000 Y=0.000 Z=0.000
[2020.06.16-07.42.21:866][ 82]LogPhysics: Warning: Initialising Body : Scale3D is (nearly) zero: Component: '/Game/_Osmose/Maps/UEDPIE_0_ThirdPersonExampleMap.ThirdPersonExampleMap:PersistentLevel.Plant_2.Leaf' 
[2020.06.16-07.42.21:866][ 82]LogPhysics: Warning: Scale for /Game/_Osmose/Maps/UEDPIE_0_ThirdPersonExampleMap.ThirdPersonExampleMap:PersistentLevel.Plant_2.Leaf1 has a component set to zero, which will result in a bad body instance. Scale:X=0.000 Y=0.000 Z=0.000
[2020.06.16-07.42.21:866][ 82]LogPhysics: Warning: Initialising Body : Scale3D is (nearly) zero: Component: '/Game/_Osmose/Maps/UEDPIE_0_ThirdPersonExampleMap.ThirdPersonExampleMap:PersistentLevel.Plant_2.Leaf1' 
[2020.06.16-07.42.21:870][ 82]LogWorld: Bringing World /Game/_Osmose/Maps/UEDPIE_0_ThirdPersonExampleMap.ThirdPersonExampleMap up for play (max tick rate 0) at 2020.06.16-09.42.21
[2020.06.16-07.42.21:871][ 82]LogWorld: Bringing up level for play took: 0.008344
[2020.06.16-07.42.21:872][ 82]LogOnline: OSS: Creating online subsystem instance for: :Context_6
[2020.06.16-07.42.21:877][ 82]PIE: Play in editor start time for /Game/_Osmose/Maps/UEDPIE_0_ThirdPersonExampleMap 0,816
[2020.06.16-07.42.21:877][ 82]LogBlueprintUserMessages: Late PlayInEditor Detection: Level '/Game/_Osmose/Maps/ThirdPersonExampleMap.ThirdPersonExampleMap:PersistentLevel' has LevelScriptBlueprint '/Game/_Osmose/Maps/ThirdPersonExampleMap.ThirdPersonExampleMap:PersistentLevel.ThirdPersonExampleMap' with GeneratedClass '/Game/_Osmose/Maps/ThirdPersonExampleMap.ThirdPersonExampleMap_C' with ClassGeneratedBy '/Game/_Osmose/Maps/ThirdPersonExampleMap.ThirdPersonExampleMap:PersistentLevel.ThirdPersonExampleMap'
[2020.06.16-07.42.21:880][ 82]LogAudio: Warning: Detected orphaned looping sound 'IleEau4'.
[2020.06.16-07.42.22:027][ 83]LogBlueprintUserMessages: [WindLaneAdvanced_97] braseroend
[2020.06.16-07.42.38:186][ 22]LogAudioMixer: Display: No commands were queued while flushing the source manager.
[2020.06.16-07.42.38:187][ 22]LogAudioMixer: Display: Flush succeeded in the source manager command queue (1).
[2020.06.16-07.42.38:207][ 22]LogAudioMixer: Display: Flush succeeded the source manager command queue (2).
[2020.06.16-07.42.38:208][ 22]LogBlueprintUserMessages: Early EndPlayMap Detection: Level '/Game/_Osmose/Maps/ThirdPersonExampleMap.ThirdPersonExampleMap:PersistentLevel' has LevelScriptBlueprint '/Game/_Osmose/Maps/ThirdPersonExampleMap.ThirdPersonExampleMap:PersistentLevel.ThirdPersonExampleMap' with GeneratedClass '/Game/_Osmose/Maps/ThirdPersonExampleMap.ThirdPersonExampleMap_C' with ClassGeneratedBy '/Game/_Osmose/Maps/ThirdPersonExampleMap.ThirdPersonExampleMap:PersistentLevel.ThirdPersonExampleMap'
[2020.06.16-07.42.38:209][ 22]LogSlate: Updating window title bar state: overlay mode, drag disabled, window buttons hidden, title bar hidden
[2020.06.16-07.42.38:209][ 22]LogWorld: BeginTearingDown for /Game/_Osmose/Maps/UEDPIE_0_ThirdPersonExampleMap
[2020.06.16-07.42.38:209][ 22]LogAudioMixer: Display: No commands were queued while flushing the source manager.
[2020.06.16-07.42.38:210][ 22]LogWorld: UWorld::CleanupWorld for ThirdPersonExampleMap, bSessionEnded=true, bCleanupResources=true
[2020.06.16-07.42.38:216][ 22]LogSlate: InvalidateAllWidgets triggered.  All widgets were invalidated
[2020.06.16-07.42.38:278][ 22]LogPlayLevel: Display: Shutting down PIE online subsystems
[2020.06.16-07.42.38:278][ 22]LogBlueprintUserMessages: Late EndPlayMap Detection: Level '/Game/_Osmose/Maps/ThirdPersonExampleMap.ThirdPersonExampleMap:PersistentLevel' has LevelScriptBlueprint '/Game/_Osmose/Maps/ThirdPersonExampleMap.ThirdPersonExampleMap:PersistentLevel.ThirdPersonExampleMap' with GeneratedClass '/Game/_Osmose/Maps/ThirdPersonExampleMap.ThirdPersonExampleMap_C' with ClassGeneratedBy '/Game/_Osmose/Maps/ThirdPersonExampleMap.ThirdPersonExampleMap:PersistentLevel.ThirdPersonExampleMap'
[2020.06.16-07.42.38:287][ 22]LogSlate: InvalidateAllWidgets triggered.  All widgets were invalidated
[2020.06.16-07.42.38:328][ 22]LogAudioMixer: Display: No commands were queued while flushing the source manager.
[2020.06.16-07.42.38:331][ 22]LogSlate: Updating window title bar state: overlay mode, drag disabled, window buttons hidden, title bar hidden
[2020.06.16-07.42.38:338][ 22]LogUObjectHash: Compacting FUObjectHashTables data took   3.98ms
[2020.06.16-07.42.38:489][ 23]LogPlayLevel: Display: Destroying online subsystem :Context_6
[2020.06.16-07.42.43:184][230]Cmd: OBJ SAVEPACKAGE PACKAGE="/Game/_Osmose/BP_Class/Possessables/BIGBOICharacter" FILE="../../../../OsmoseSansPersistence/Content/_Osmose/BP_Class/Possessables/BIGBOICharacter.uasset" SILENT=true
[2020.06.16-07.42.43:378][230]LogSavePackage: Moving '../../../../OsmoseSansPersistence/Saved/BIGBOICharacter3753ED604193CFA7ECE6EEB859F8CE4E.tmp' to '../../../../OsmoseSansPersistence/Content/_Osmose/BP_Class/Possessables/BIGBOICharacter.uasset'
[2020.06.16-07.42.43:406][230]AssetCheck: New page: Asset Save: BIGBOICharacter
[2020.06.16-07.42.43:406][230]LogContentValidation: Display: Validating Blueprint /Game/_Osmose/BP_Class/Possessables/BIGBOICharacter.BIGBOICharacter
[2020.06.16-07.43.54:381][667]Cmd: OBJ SAVEPACKAGE PACKAGE="/Game/_Osmose/BP_Class/Possessables/BIGBOICharacter" FILE="../../../../OsmoseSansPersistence/Content/_Osmose/BP_Class/Possessables/BIGBOICharacter.uasset" SILENT=true
[2020.06.16-07.43.54:445][667]LogSavePackage: Moving '../../../../OsmoseSansPersistence/Saved/BIGBOICharacterFE8984A44A19BB1AA9C6DF99E81DF310.tmp' to '../../../../OsmoseSansPersistence/Content/_Osmose/BP_Class/Possessables/BIGBOICharacter.uasset'
[2020.06.16-07.43.54:465][667]AssetCheck: New page: Asset Save: BIGBOICharacter
[2020.06.16-07.43.54:465][667]LogContentValidation: Display: Validating Blueprint /Game/_Osmose/BP_Class/Possessables/BIGBOICharacter.BIGBOICharacter
[2020.06.16-07.43.57:780][848]LogSlate: Window 'BIGBOICharacter' being destroyed
[2020.06.16-07.43.57:789][848]LogSlate: Window 'BIGBOICharacter' being destroyed
[2020.06.16-07.43.57:804][848]LogWorld: UWorld::CleanupWorld for World_2, bSessionEnded=true, bCleanupResources=true
[2020.06.16-07.43.57:804][848]LogSlate: InvalidateAllWidgets triggered.  All widgets were invalidated
[2020.06.16-07.44.00:178][ 59]LogEditorViewport: Clicking on Actor (LMB): DeerCharacter_C (DeerCharacter)
[2020.06.16-07.44.01:394][131]LogAssetEditorSubsystem: Opening Asset editor for Blueprint /Game/_Osmose/BP_Class/Possessables/DeerCharacter.DeerCharacter
[2020.06.16-07.44.07:936][384]LogSlate: Window 'DeerCharacter' being destroyed
[2020.06.16-07.44.07:946][384]LogSlate: Window 'DeerCharacter' being destroyed
[2020.06.16-07.44.07:947][384]LogWorld: UWorld::CleanupWorld for World_4, bSessionEnded=true, bCleanupResources=true
[2020.06.16-07.44.07:947][384]LogSlate: InvalidateAllWidgets triggered.  All widgets were invalidated
[2020.06.16-07.44.11:611][607]LogEditorViewport: Clicking on Actor (LMB): FrogCharacter_C (FrogCharacter)
[2020.06.16-07.44.12:779][661]LogAssetEditorSubsystem: Opening Asset editor for Blueprint /Game/_Osmose/BP_Class/Possessables/FrogCharacter.FrogCharacter
[2020.06.16-07.45.20:512][790]LogAssetEditorSubsystem: Opening Asset editor for SoundCue /Game/_Osmose/Sound/Sounds_Cue/LizardWater_Cue.LizardWater_Cue
[2020.06.16-07.45.22:251][872]LogSlate: Window 'LizardWater_Cue' being destroyed
[2020.06.16-07.45.22:258][872]LogSlate: Window 'LizardWater_Cue' being destroyed
[2020.06.16-07.45.22:289][872]LogWorld: UWorld::CleanupWorld for World_6, bSessionEnded=true, bCleanupResources=true
[2020.06.16-07.45.22:289][872]LogSlate: InvalidateAllWidgets triggered.  All widgets were invalidated
[2020.06.16-07.45.23:145][908]LogAssetEditorSubsystem: Opening Asset editor for SoundCue /Game/_Osmose/Sound/Sounds_Cue/LizardWalk_Cue.LizardWalk_Cue
[2020.06.16-07.45.25:369][ 17]LogSlate: Window 'LizardWalk_Cue' being destroyed
[2020.06.16-07.45.25:376][ 17]LogSlate: Window 'LizardWalk_Cue' being destroyed
[2020.06.16-07.45.38:628][780]LogUObjectHash: Compacting FUObjectHashTables data took   5.41ms
[2020.06.16-07.45.40:890][780]LogSlate: Window 'Delete Assets' being destroyed
[2020.06.16-07.46.14:531][780]LogUObjectGlobals: Force Deleting 1 Package(s):
	Asset Name: /Game/_Osmose/Sound/Sounds_Cue/LizardWater_Cue.LizardWater_Cue
